Given path data/ is a directory. Found 12 files.

Loading file: data/BINANCE_GLMRBUSD_1h.csv
Found 4380 data points
Date of first data point 2022-01-11 16:00:00
Date of last data point 2022-07-13 03:00:00
Detected resolution: 1 Hour (3600000 milliseconds)
Found 0 missing data points (0.0% of the data is missing)
4380 data points successfully written to data/BINANCE_GLMRBUSD_1h.csv



Loading file: data/BINANCE_IMXBUSD_1h.csv
Found 4380 data points
Date of first data point 2022-01-10 10:00:00
Date of last data point 2022-07-11 21:00:00
Detected resolution: 1 Hour (3600000 milliseconds)
Found 0 missing data points (0.0% of the data is missing)
4380 data points successfully written to data/BINANCE_IMXBUSD_1h.csv



Loading file: data/BINANCE_LUNCBUSD_1h.csv
Found 1095 data points
Date of first data point 2022-05-30 09:00:00
Date of last data point 2022-07-14 23:00:00
Detected resolution: 1 Hour (3600000 milliseconds)
Found 0 missing data points (0.0% of the data is missing)
1095 data points successfully written to data/BINANCE_LUNCBUSD_1h.csv


Loading file: data/BINANCE_ASTRBUSD_1h.csv
Found 3285 data points
Date of first data point 2022-02-28 11:00:00
Date of last data point 2022-07-15 07:00:00
Detected resolution: 1 Hour (3600000 milliseconds)
Found 0 missing data points (0.0% of the data is missing)
3285 data points successfully written to data/BINANCE_ASTRBUSD_1h.csv


Loading file: data/BINANCE_KDABUSD_1h.csv
Found 2920 data points
Date of first data point 2022-03-11 11:00:00
Date of last data point 2022-07-11 02:00:00
Detected resolution: 1 Hour (3600000 milliseconds)
Found 0 missing data points (0.0% of the data is missing)
2920 data points successfully written to data/BINANCE_KDABUSD_1h.csv




Loading file: data/BINANCE_SSVBUSD_1h.csv
Found 365 data points
Date of first data point 2022-08-19 08:00:00
Date of last data point 2022-09-03 12:00:00
Detected resolution: 1 Hour (3600000 milliseconds)
Found 0 missing data points (0.0% of the data is missing)
365 data points successfully written to data/BINANCE_SSVBUSD_1h.csv


Loading file: data/BINANCE_OPBUSD_1h.csv
Found 730 data points
Date of first data point 2022-06-01 08:00:00
Date of last data point 2022-07-01 17:00:00
Detected resolution: 1 Hour (3600000 milliseconds)
Found 0 missing data points (0.0% of the data is missing)
730 data points successfully written to data/BINANCE_OPBUSD_1h.csv

