[INFO] Started to fetch data for IMX/BUSD with a resolution of 1h from exchange binance
[INFO] Started to fetch data for DYDX/BUSD with a resolution of 1h from exchange binance
[INFO] Started to fetch data for GMX/BUSD with a resolution of 1h from exchange binance
[INFO] Start fetching 365 data points from binance for GMX/BUSDand timestamp 1640995200000 (2022-01-01 00:00:00)
[INFO] Start fetching 365 data points from binance for IMX/BUSDand timestamp 1640995200000 (2022-01-01 00:00:00)
[INFO] Start fetching 365 data points from binance for DYDX/BUSDand timestamp 1640995200000 (2022-01-01 00:00:00)
[INFO] Received 43 data points
[INFO] Received 365 data points
[INFO] Start fetching 365 data points from binance for IMX/BUSDand timestamp 1643122800000 (2022-01-25 15:00:00)
[INFO] Received 365 data points
[INFO] Start fetching 365 data points from binance for DYDX/BUSDand timestamp 1642309200000 (2022-01-16 05:00:00)
[INFO] Received 365 data points
[INFO] Start fetching 365 data points from binance for IMX/BUSDand timestamp 1644436800000 (2022-02-09 20:00:00)
[INFO] Received 365 data points
[INFO] Start fetching 365 data points from binance for DYDX/BUSDand timestamp 1643623200000 (2022-01-31 10:00:00)
[INFO] Received 365 data points
[INFO] Start fetching 365 data points from binance for IMX/BUSDand timestamp 1645750800000 (2022-02-25 01:00:00)
[INFO] Received 365 data points
[INFO] Start fetching 365 data points from binance for DYDX/BUSDand timestamp 1644937200000 (2022-02-15 15:00:00)
[INFO] Received 365 data points
[INFO] Start fetching 365 data points from binance for IMX/BUSDand timestamp 1647064800000 (2022-03-12 06:00:00)
[INFO] Received 365 data points
[INFO] Start fetching 365 data points from binance for IMX/BUSDand timestamp 1648378800000 (2022-03-27 11:00:00)
[INFO] Received 365 data points
[INFO] Start fetching 365 data points from binance for DYDX/BUSDand timestamp 1646251200000 (2022-03-02 20:00:00)
[INFO] Received 365 data points
[INFO] Start fetching 365 data points from binance for IMX/BUSDand timestamp 1649692800000 (2022-04-11 16:00:00)
[INFO] Received 365 data points
[INFO] Start fetching 365 data points from binance for DYDX/BUSDand timestamp 1647565200000 (2022-03-18 01:00:00)
[INFO] Received 365 data points
[INFO] Start fetching 365 data points from binance for IMX/BUSDand timestamp 1651006800000 (2022-04-26 21:00:00)
[INFO] Received 365 data points
[INFO] Start fetching 365 data points from binance for DYDX/BUSDand timestamp 1648879200000 (2022-04-02 06:00:00)
[INFO] Received 365 data points
[INFO] Start fetching 365 data points from binance for IMX/BUSDand timestamp 1652320800000 (2022-05-12 02:00:00)
[INFO] Received 365 data points
[INFO] Start fetching 365 data points from binance for DYDX/BUSDand timestamp 1650193200000 (2022-04-17 11:00:00)
[INFO] Received 365 data points
[INFO] Start fetching 365 data points from binance for IMX/BUSDand timestamp 1653634800000 (2022-05-27 07:00:00)
[INFO] Received 365 data points
[INFO] Start fetching 365 data points from binance for DYDX/BUSDand timestamp 1651507200000 (2022-05-02 16:00:00)
[INFO] Received 365 data points
[INFO] Start fetching 365 data points from binance for IMX/BUSDand timestamp 1654948800000 (2022-06-11 12:00:00)
[INFO] Received 365 data points
[INFO] Start fetching 365 data points from binance for DYDX/BUSDand timestamp 1652821200000 (2022-05-17 21:00:00)
[INFO] Received 365 data points
[INFO] Start fetching 365 data points from binance for IMX/BUSDand timestamp 1656262800000 (2022-06-26 17:00:00)
[INFO] Received 365 data points
[INFO] Start fetching 365 data points from binance for DYDX/BUSDand timestamp 1654135200000 (2022-06-02 02:00:00)
[INFO] Received 365 data points
[INFO] Received 365 data points
[INFO] Start fetching 365 data points from binance for DYDX/BUSDand timestamp 1655449200000 (2022-06-17 07:00:00)
[INFO] Received 365 data points
