Given path data/ is a directory. Found 3 files.

Loading file: data/BINANCE_IMXBUSD_1h.csv
Found 4380 data points
Date of first data point 2022-01-10 10:00:00
Date of last data point 2022-07-11 21:00:00
Detected resolution: 1 Hour (3600000 milliseconds)
Found 0 missing data points (0.0% of the data is missing)
4380 data points successfully written to data/BINANCE_IMXBUSD_1h.csv


Loading file: data/BINANCE_DYDXBUSD_1h.csv
Found 4380 data points
Date of first data point 2022-01-01 00:00:00
Date of last data point 2022-07-02 11:00:00
Detected resolution: 1 Hour (3600000 milliseconds)
Found 0 missing data points (0.0% of the data is missing)
4380 data points successfully written to data/BINANCE_DYDXBUSD_1h.csv


Loading file: data/BINANCE_GMXBUSD_1h.csv
Found 43 data points
Date of first data point 2022-10-05 10:00:00
Date of last data point 2022-10-07 04:00:00
Detected resolution: 1 Hour (3600000 milliseconds)
Found 0 missing data points (0.0% of the data is missing)
43 data points successfully written to data/BINANCE_GMXBUSD_1h.csv


