[INFO] Started to fetch data for FLOW/BUSD with a resolution of 1h from exchange binance
[INFO] Started to fetch data for QNT/BUSD with a resolution of 1h from exchange binance
[INFO] Started to fetch data for LUNC/BUSD with a resolution of 1h from exchange binance
[INFO] Started to fetch data for WBTC/BUSD with a resolution of 1h from exchange binance
[INFO] Started to fetch data for APE/BUSD with a resolution of 1h from exchange binance
[INFO] Started to fetch data for XEC/BUSD with a resolution of 1h from exchange binance
[INFO] Start fetching 365 data points from binance for LUNC/BUSDand timestamp 1625097600000 (2021-07-01 00:00:00)
[INFO] Start fetching 365 data points from binance for QNT/BUSDand timestamp 1625097600000 (2021-07-01 00:00:00)
[INFO] Start fetching 365 data points from binance for XEC/BUSDand timestamp 1625097600000 (2021-07-01 00:00:00)
[INFO] Start fetching 365 data points from binance for APE/BUSDand timestamp 1625097600000 (2021-07-01 00:00:00)
[INFO] Start fetching 365 data points from binance for FLOW/BUSDand timestamp 1625097600000 (2021-07-01 00:00:00)
[INFO] Start fetching 365 data points from binance for WBTC/BUSDand timestamp 1625097600000 (2021-07-01 00:00:00)
[INFO] Received 365 data points
[INFO] Start fetching 365 data points from binance for LUNC/BUSDand timestamp 1655215200000 (2022-06-14 14:00:00)
[INFO] Received 365 data points
[INFO] Start fetching 365 data points from binance for QNT/BUSDand timestamp 1628866800000 (2021-08-13 15:00:00)
[INFO] Received 365 data points
[INFO] Start fetching 365 data points from binance for XEC/BUSDand timestamp 1629550800000 (2021-08-21 13:00:00)
[INFO] Received 365 data points
[INFO] Start fetching 365 data points from binance for APE/BUSDand timestamp 1648839600000 (2022-04-01 19:00:00)
[INFO] Received 365 data points
[INFO] Start fetching 365 data points from binance for FLOW/BUSDand timestamp 1628978400000 (2021-08-14 22:00:00)
[INFO] Received 365 data points
[INFO] Received 365 data points
[INFO] Start fetching 365 data points from binance for LUNC/BUSDand timestamp 1656529200000 (2022-06-29 19:00:00)
[INFO] Received 365 data points
[INFO] Start fetching 365 data points from binance for QNT/BUSDand timestamp 1630180800000 (2021-08-28 20:00:00)
[INFO] Received 365 data points
[INFO] Start fetching 365 data points from binance for XEC/BUSDand timestamp 1630864800000 (2021-09-05 18:00:00)
[INFO] Received 365 data points
[INFO] Start fetching 365 data points from binance for APE/BUSDand timestamp 1650153600000 (2022-04-17 00:00:00)
[INFO] Received 365 data points
[INFO] Start fetching 365 data points from binance for FLOW/BUSDand timestamp 1630292400000 (2021-08-30 03:00:00)
[INFO] Received 365 data points
[INFO] Received 365 data points
[INFO] Start fetching 365 data points from binance for QNT/BUSDand timestamp 1631494800000 (2021-09-13 01:00:00)
[INFO] Received 365 data points
[INFO] Start fetching 365 data points from binance for APE/BUSDand timestamp 1651467600000 (2022-05-02 05:00:00)
[INFO] Received 365 data points
[INFO] Start fetching 365 data points from binance for XEC/BUSDand timestamp 1632178800000 (2021-09-20 23:00:00)
[INFO] Received 365 data points
[INFO] Start fetching 365 data points from binance for FLOW/BUSDand timestamp 1631606400000 (2021-09-14 08:00:00)
[INFO] Received 365 data points
[INFO] Start fetching 365 data points from binance for APE/BUSDand timestamp 1652781600000 (2022-05-17 10:00:00)
[INFO] Received 365 data points
[INFO] Start fetching 365 data points from binance for XEC/BUSDand timestamp 1633500000000 (2021-10-06 06:00:00)
[INFO] Received 365 data points
[INFO] Start fetching 365 data points from binance for QNT/BUSDand timestamp 1632808800000 (2021-09-28 06:00:00)
[INFO] Received 365 data points
[INFO] Start fetching 365 data points from binance for FLOW/BUSDand timestamp 1632927600000 (2021-09-29 15:00:00)
[INFO] Received 365 data points
[INFO] Start fetching 365 data points from binance for APE/BUSDand timestamp 1654095600000 (2022-06-01 15:00:00)
[INFO] Received 365 data points
[INFO] Start fetching 365 data points from binance for XEC/BUSDand timestamp 1634814000000 (2021-10-21 11:00:00)
[INFO] Received 365 data points
[INFO] Start fetching 365 data points from binance for QNT/BUSDand timestamp 1634130000000 (2021-10-13 13:00:00)
[INFO] Received 365 data points
[INFO] Start fetching 365 data points from binance for FLOW/BUSDand timestamp 1634241600000 (2021-10-14 20:00:00)
[INFO] Received 365 data points
[INFO] Start fetching 365 data points from binance for APE/BUSDand timestamp 1655409600000 (2022-06-16 20:00:00)
[INFO] Received 365 data points
[INFO] Start fetching 365 data points from binance for XEC/BUSDand timestamp 1636128000000 (2021-11-05 16:00:00)
[INFO] Received 365 data points
[INFO] Start fetching 365 data points from binance for QNT/BUSDand timestamp 1635444000000 (2021-10-28 18:00:00)
[INFO] Received 365 data points
[INFO] Start fetching 365 data points from binance for FLOW/BUSDand timestamp 1635555600000 (2021-10-30 01:00:00)
[INFO] Received 365 data points
[INFO] Received 365 data points
[INFO] Start fetching 365 data points from binance for XEC/BUSDand timestamp 1637442000000 (2021-11-20 21:00:00)
[INFO] Received 365 data points
[INFO] Start fetching 365 data points from binance for QNT/BUSDand timestamp 1636758000000 (2021-11-12 23:00:00)
[INFO] Received 365 data points
[INFO] Start fetching 365 data points from binance for FLOW/BUSDand timestamp 1636869600000 (2021-11-14 06:00:00)
[INFO] Received 365 data points
[INFO] Start fetching 365 data points from binance for XEC/BUSDand timestamp 1638756000000 (2021-12-06 02:00:00)
[INFO] Received 365 data points
[INFO] Start fetching 365 data points from binance for QNT/BUSDand timestamp 1638072000000 (2021-11-28 04:00:00)
[INFO] Received 365 data points
[INFO] Start fetching 365 data points from binance for XEC/BUSDand timestamp 1640070000000 (2021-12-21 07:00:00)
[INFO] Received 365 data points
[INFO] Start fetching 365 data points from binance for FLOW/BUSDand timestamp 1638183600000 (2021-11-29 11:00:00)
[INFO] Received 365 data points
[INFO] Start fetching 365 data points from binance for QNT/BUSDand timestamp 1639386000000 (2021-12-13 09:00:00)
[ERROR] Got an error RequestTimeout ('binance GET https://api.binance.com/api/v3/klines?interval=1h&limit=365&symbol=QNTBUSD&startTime=1639386000000',). Will try to send the same Request again.
[INFO] Start fetching 365 data points from binance for QNT/BUSDand timestamp 1639386000000 (2021-12-13 09:00:00)
[ERROR] Got an error RequestTimeout ('binance GET https://api.binance.com/api/v3/klines?interval=1h&limit=365&symbol=FLOWBUSD&startTime=1638183600000',). Will try to send the same Request again.
[INFO] Start fetching 365 data points from binance for FLOW/BUSDand timestamp 1638183600000 (2021-11-29 11:00:00)
[ERROR] Got an error RequestTimeout ('binance GET https://api.binance.com/api/v3/klines?interval=1h&limit=365&symbol=XECBUSD&startTime=1640070000000',). Will try to send the same Request again.
[INFO] Start fetching 365 data points from binance for XEC/BUSDand timestamp 1640070000000 (2021-12-21 07:00:00)
[ERROR] Got an error RequestTimeout ('binance GET https://api.binance.com/api/v3/klines?interval=1h&limit=365&symbol=QNTBUSD&startTime=1639386000000',). Will try to send the same Request again.
[INFO] Start fetching 365 data points from binance for QNT/BUSDand timestamp 1639386000000 (2021-12-13 09:00:00)
[ERROR] Got an error RequestTimeout ('binance GET https://api.binance.com/api/v3/klines?interval=1h&limit=365&symbol=FLOWBUSD&startTime=1638183600000',). Will try to send the same Request again.
[INFO] Start fetching 365 data points from binance for FLOW/BUSDand timestamp 1638183600000 (2021-11-29 11:00:00)
[ERROR] Got an error RequestTimeout ('binance GET https://api.binance.com/api/v3/klines?interval=1h&limit=365&symbol=XECBUSD&startTime=1640070000000',). Will try to send the same Request again.
[INFO] Start fetching 365 data points from binance for XEC/BUSDand timestamp 1640070000000 (2021-12-21 07:00:00)
[ERROR] Got an error RequestTimeout ('binance GET https://api.binance.com/api/v3/klines?interval=1h&limit=365&symbol=QNTBUSD&startTime=1639386000000',). Will try to send the same Request again.
[INFO] Start fetching 365 data points from binance for QNT/BUSDand timestamp 1639386000000 (2021-12-13 09:00:00)
[ERROR] Got an error RequestTimeout ('binance GET https://api.binance.com/api/v3/klines?interval=1h&limit=365&symbol=FLOWBUSD&startTime=1638183600000',). Will try to send the same Request again.
[INFO] Start fetching 365 data points from binance for FLOW/BUSDand timestamp 1638183600000 (2021-11-29 11:00:00)
[ERROR] Got an error RequestTimeout ('binance GET https://api.binance.com/api/v3/klines?interval=1h&limit=365&symbol=XECBUSD&startTime=1640070000000',). Will try to send the same Request again.
[INFO] Start fetching 365 data points from binance for XEC/BUSDand timestamp 1640070000000 (2021-12-21 07:00:00)
[INFO] Received 365 data points
[INFO] Start fetching 365 data points from binance for QNT/BUSDand timestamp 1640700000000 (2021-12-28 14:00:00)
[INFO] Received 365 data points
[INFO] Start fetching 365 data points from binance for FLOW/BUSDand timestamp 1639497600000 (2021-12-14 16:00:00)
[INFO] Received 365 data points
[INFO] Start fetching 365 data points from binance for XEC/BUSDand timestamp 1641384000000 (2022-01-05 12:00:00)
[INFO] Received 365 data points
[INFO] Start fetching 365 data points from binance for QNT/BUSDand timestamp 1642014000000 (2022-01-12 19:00:00)
[INFO] Received 365 data points
[INFO] Start fetching 365 data points from binance for FLOW/BUSDand timestamp 1640811600000 (2021-12-29 21:00:00)
[INFO] Received 365 data points
[INFO] Start fetching 365 data points from binance for XEC/BUSDand timestamp 1642698000000 (2022-01-20 17:00:00)
[INFO] Received 365 data points
[INFO] Start fetching 365 data points from binance for QNT/BUSDand timestamp 1643328000000 (2022-01-28 00:00:00)
[INFO] Received 365 data points
[INFO] Start fetching 365 data points from binance for FLOW/BUSDand timestamp 1642125600000 (2022-01-14 02:00:00)
[INFO] Received 365 data points
[INFO] Start fetching 365 data points from binance for XEC/BUSDand timestamp 1644012000000 (2022-02-04 22:00:00)
[INFO] Received 365 data points
[INFO] Start fetching 365 data points from binance for QNT/BUSDand timestamp 1644642000000 (2022-02-12 05:00:00)
[INFO] Received 365 data points
[INFO] Start fetching 365 data points from binance for FLOW/BUSDand timestamp 1643439600000 (2022-01-29 07:00:00)
[INFO] Received 365 data points
[INFO] Start fetching 365 data points from binance for XEC/BUSDand timestamp 1645326000000 (2022-02-20 03:00:00)
[INFO] Received 365 data points
[INFO] Start fetching 365 data points from binance for QNT/BUSDand timestamp 1645956000000 (2022-02-27 10:00:00)
[INFO] Received 365 data points
[INFO] Start fetching 365 data points from binance for FLOW/BUSDand timestamp 1644753600000 (2022-02-13 12:00:00)
[INFO] Received 365 data points
[INFO] Start fetching 365 data points from binance for XEC/BUSDand timestamp 1646640000000 (2022-03-07 08:00:00)
[INFO] Received 365 data points
[INFO] Start fetching 365 data points from binance for QNT/BUSDand timestamp 1647270000000 (2022-03-14 15:00:00)
[INFO] Received 365 data points
[INFO] Start fetching 365 data points from binance for FLOW/BUSDand timestamp 1646067600000 (2022-02-28 17:00:00)
[INFO] Received 365 data points
[INFO] Start fetching 365 data points from binance for XEC/BUSDand timestamp 1647954000000 (2022-03-22 13:00:00)
[INFO] Received 365 data points
[INFO] Start fetching 365 data points from binance for QNT/BUSDand timestamp 1648584000000 (2022-03-29 20:00:00)
[INFO] Received 365 data points
[INFO] Start fetching 365 data points from binance for FLOW/BUSDand timestamp 1647381600000 (2022-03-15 22:00:00)
[INFO] Received 365 data points
[INFO] Start fetching 365 data points from binance for XEC/BUSDand timestamp 1649268000000 (2022-04-06 18:00:00)
[INFO] Received 365 data points
[INFO] Start fetching 365 data points from binance for QNT/BUSDand timestamp 1649898000000 (2022-04-14 01:00:00)
[INFO] Received 365 data points
[INFO] Start fetching 365 data points from binance for FLOW/BUSDand timestamp 1648695600000 (2022-03-31 03:00:00)
[INFO] Received 365 data points
[INFO] Start fetching 365 data points from binance for XEC/BUSDand timestamp 1650582000000 (2022-04-21 23:00:00)
[INFO] Received 365 data points
[INFO] Start fetching 365 data points from binance for QNT/BUSDand timestamp 1651212000000 (2022-04-29 06:00:00)
[INFO] Received 365 data points
[INFO] Start fetching 365 data points from binance for FLOW/BUSDand timestamp 1650009600000 (2022-04-15 08:00:00)
[INFO] Received 365 data points
[INFO] Start fetching 365 data points from binance for XEC/BUSDand timestamp 1651896000000 (2022-05-07 04:00:00)
[INFO] Received 365 data points
[INFO] Start fetching 365 data points from binance for QNT/BUSDand timestamp 1652526000000 (2022-05-14 11:00:00)
[INFO] Received 365 data points
[INFO] Start fetching 365 data points from binance for FLOW/BUSDand timestamp 1651323600000 (2022-04-30 13:00:00)
[INFO] Received 365 data points
[INFO] Start fetching 365 data points from binance for XEC/BUSDand timestamp 1653210000000 (2022-05-22 09:00:00)
[INFO] Received 365 data points
[INFO] Start fetching 365 data points from binance for QNT/BUSDand timestamp 1653840000000 (2022-05-29 16:00:00)
[INFO] Received 365 data points
[INFO] Start fetching 365 data points from binance for FLOW/BUSDand timestamp 1652637600000 (2022-05-15 18:00:00)
[INFO] Received 365 data points
[INFO] Start fetching 365 data points from binance for XEC/BUSDand timestamp 1654524000000 (2022-06-06 14:00:00)
[INFO] Received 365 data points
[INFO] Start fetching 365 data points from binance for QNT/BUSDand timestamp 1655154000000 (2022-06-13 21:00:00)
[INFO] Received 365 data points
[INFO] Start fetching 365 data points from binance for FLOW/BUSDand timestamp 1653951600000 (2022-05-30 23:00:00)
[INFO] Received 365 data points
[INFO] Start fetching 365 data points from binance for XEC/BUSDand timestamp 1655838000000 (2022-06-21 19:00:00)
[INFO] Received 365 data points
[INFO] Start fetching 365 data points from binance for QNT/BUSDand timestamp 1656468000000 (2022-06-29 02:00:00)
[INFO] Received 365 data points
[INFO] Start fetching 365 data points from binance for FLOW/BUSDand timestamp 1655265600000 (2022-06-15 04:00:00)
[INFO] Received 365 data points
[INFO] Received 365 data points
[INFO] Received 365 data points
[INFO] Start fetching 365 data points from binance for FLOW/BUSDand timestamp 1656579600000 (2022-06-30 09:00:00)
[INFO] Received 365 data points
