[INFO] Started to fetch data for FLOW/BUSD with a resolution of 1h from exchange binance
[INFO] Started to fetch data for QNT/BUSD with a resolution of 1h from exchange binance
[INFO] Started to fetch data for LUNC/BUSD with a resolution of 1h from exchange binance
[INFO] Started to fetch data for WBTC/BUSD with a resolution of 1h from exchange binance
[INFO] Started to fetch data for APE/BUSD with a resolution of 1h from exchange binance
[INFO] Started to fetch data for XEC/BUSD with a resolution of 1h from exchange binance
[INFO] Start fetching 365 data points from binance for LUNC/BUSDand timestamp 1640995200000 (2022-01-01 00:00:00)
[INFO] Start fetching 365 data points from binance for QNT/BUSDand timestamp 1640995200000 (2022-01-01 00:00:00)
[INFO] Start fetching 365 data points from binance for XEC/BUSDand timestamp 1640995200000 (2022-01-01 00:00:00)
[INFO] Start fetching 365 data points from binance for FLOW/BUSDand timestamp 1640995200000 (2022-01-01 00:00:00)
[INFO] Start fetching 365 data points from binance for APE/BUSDand timestamp 1640995200000 (2022-01-01 00:00:00)
[INFO] Start fetching 365 data points from binance for WBTC/BUSDand timestamp 1640995200000 (2022-01-01 00:00:00)
[INFO] Received 365 data points
[INFO] Start fetching 365 data points from binance for LUNC/BUSDand timestamp 1655215200000 (2022-06-14 14:00:00)
[INFO] Received 365 data points
[INFO] Start fetching 365 data points from binance for QNT/BUSDand timestamp 1642309200000 (2022-01-16 05:00:00)
[INFO] Received 365 data points
[INFO] Start fetching 365 data points from binance for FLOW/BUSDand timestamp 1642309200000 (2022-01-16 05:00:00)
[INFO] Received 365 data points
[INFO] Start fetching 365 data points from binance for XEC/BUSDand timestamp 1642309200000 (2022-01-16 05:00:00)
[INFO] Received 365 data points
[INFO] Start fetching 365 data points from binance for APE/BUSDand timestamp 1648839600000 (2022-04-01 19:00:00)
[INFO] Received 365 data points
[INFO] Received 365 data points
[INFO] Start fetching 365 data points from binance for QNT/BUSDand timestamp 1643623200000 (2022-01-31 10:00:00)
[INFO] Received 365 data points
[INFO] Start fetching 365 data points from binance for LUNC/BUSDand timestamp 1656529200000 (2022-06-29 19:00:00)
[INFO] Received 365 data points
[INFO] Start fetching 365 data points from binance for FLOW/BUSDand timestamp 1643623200000 (2022-01-31 10:00:00)
[INFO] Received 365 data points
[INFO] Start fetching 365 data points from binance for XEC/BUSDand timestamp 1643623200000 (2022-01-31 10:00:00)
[INFO] Received 365 data points
[INFO] Start fetching 365 data points from binance for APE/BUSDand timestamp 1650153600000 (2022-04-17 00:00:00)
[INFO] Received 365 data points
[INFO] Start fetching 365 data points from binance for QNT/BUSDand timestamp 1644937200000 (2022-02-15 15:00:00)
[INFO] Received 365 data points
[INFO] Received 365 data points
[INFO] Start fetching 365 data points from binance for FLOW/BUSDand timestamp 1644937200000 (2022-02-15 15:00:00)
[INFO] Received 365 data points
[INFO] Start fetching 365 data points from binance for XEC/BUSDand timestamp 1644937200000 (2022-02-15 15:00:00)
[INFO] Received 365 data points
[INFO] Start fetching 365 data points from binance for APE/BUSDand timestamp 1651467600000 (2022-05-02 05:00:00)
[INFO] Received 365 data points
[INFO] Start fetching 365 data points from binance for QNT/BUSDand timestamp 1646251200000 (2022-03-02 20:00:00)
[INFO] Received 365 data points
[INFO] Start fetching 365 data points from binance for FLOW/BUSDand timestamp 1646251200000 (2022-03-02 20:00:00)
[INFO] Received 365 data points
[INFO] Start fetching 365 data points from binance for XEC/BUSDand timestamp 1646251200000 (2022-03-02 20:00:00)
[INFO] Received 365 data points
[INFO] Start fetching 365 data points from binance for QNT/BUSDand timestamp 1647565200000 (2022-03-18 01:00:00)
[INFO] Received 365 data points
[INFO] Start fetching 365 data points from binance for APE/BUSDand timestamp 1652781600000 (2022-05-17 10:00:00)
[INFO] Received 365 data points
[INFO] Start fetching 365 data points from binance for FLOW/BUSDand timestamp 1647565200000 (2022-03-18 01:00:00)
[INFO] Received 365 data points
[INFO] Start fetching 365 data points from binance for XEC/BUSDand timestamp 1647565200000 (2022-03-18 01:00:00)
[INFO] Received 365 data points
[INFO] Start fetching 365 data points from binance for QNT/BUSDand timestamp 1648879200000 (2022-04-02 06:00:00)
[INFO] Received 365 data points
[INFO] Start fetching 365 data points from binance for APE/BUSDand timestamp 1654095600000 (2022-06-01 15:00:00)
[INFO] Received 365 data points
[INFO] Start fetching 365 data points from binance for FLOW/BUSDand timestamp 1648879200000 (2022-04-02 06:00:00)
[INFO] Received 365 data points
[INFO] Start fetching 365 data points from binance for XEC/BUSDand timestamp 1648879200000 (2022-04-02 06:00:00)
[INFO] Received 365 data points
[INFO] Start fetching 365 data points from binance for QNT/BUSDand timestamp 1650193200000 (2022-04-17 11:00:00)
[INFO] Received 365 data points
[INFO] Start fetching 365 data points from binance for APE/BUSDand timestamp 1655409600000 (2022-06-16 20:00:00)
[INFO] Received 365 data points
[INFO] Start fetching 365 data points from binance for FLOW/BUSDand timestamp 1650193200000 (2022-04-17 11:00:00)
[INFO] Received 365 data points
[INFO] Start fetching 365 data points from binance for XEC/BUSDand timestamp 1650193200000 (2022-04-17 11:00:00)
[INFO] Received 365 data points
[INFO] Start fetching 365 data points from binance for QNT/BUSDand timestamp 1651507200000 (2022-05-02 16:00:00)
[INFO] Received 365 data points
[ERROR] Got an error RequestTimeout ('binance GET https://api.binance.com/api/v3/klines?interval=1h&limit=365&symbol=XECBUSD&startTime=1650193200000',). Will try to send the same Request again.
[INFO] Start fetching 365 data points from binance for XEC/BUSDand timestamp 1650193200000 (2022-04-17 11:00:00)
[ERROR] Got an error RequestTimeout ('binance GET https://api.binance.com/api/v3/klines?interval=1h&limit=365&symbol=QNTBUSD&startTime=1651507200000',). Will try to send the same Request again.
[INFO] Start fetching 365 data points from binance for QNT/BUSDand timestamp 1651507200000 (2022-05-02 16:00:00)
[ERROR] Got an error RequestTimeout ('binance GET https://api.binance.com/api/v3/klines?interval=1h&limit=365&symbol=FLOWBUSD&startTime=1650193200000',). Will try to send the same Request again.
[INFO] Start fetching 365 data points from binance for FLOW/BUSDand timestamp 1650193200000 (2022-04-17 11:00:00)
[ERROR] Got an error RequestTimeout ('binance GET https://api.binance.com/api/v3/klines?interval=1h&limit=365&symbol=QNTBUSD&startTime=1651507200000',). Will try to send the same Request again.
[INFO] Start fetching 365 data points from binance for QNT/BUSDand timestamp 1651507200000 (2022-05-02 16:00:00)
[ERROR] Got an error RequestTimeout ('binance GET https://api.binance.com/api/v3/klines?interval=1h&limit=365&symbol=FLOWBUSD&startTime=1650193200000',). Will try to send the same Request again.
[INFO] Start fetching 365 data points from binance for FLOW/BUSDand timestamp 1650193200000 (2022-04-17 11:00:00)
[ERROR] Got an error RequestTimeout ('binance GET https://api.binance.com/api/v3/klines?interval=1h&limit=365&symbol=XECBUSD&startTime=1650193200000',). Will try to send the same Request again.
[INFO] Start fetching 365 data points from binance for XEC/BUSDand timestamp 1650193200000 (2022-04-17 11:00:00)
[ERROR] Got an error RequestTimeout ('binance GET https://api.binance.com/api/v3/klines?interval=1h&limit=365&symbol=QNTBUSD&startTime=1651507200000',). Will try to send the same Request again.
[INFO] Start fetching 365 data points from binance for QNT/BUSDand timestamp 1651507200000 (2022-05-02 16:00:00)
[ERROR] Got an error RequestTimeout ('binance GET https://api.binance.com/api/v3/klines?interval=1h&limit=365&symbol=XECBUSD&startTime=1650193200000',). Will try to send the same Request again.
[INFO] Start fetching 365 data points from binance for XEC/BUSDand timestamp 1650193200000 (2022-04-17 11:00:00)
[ERROR] Got an error RequestTimeout ('binance GET https://api.binance.com/api/v3/klines?interval=1h&limit=365&symbol=FLOWBUSD&startTime=1650193200000',). Will try to send the same Request again.
[INFO] Start fetching 365 data points from binance for FLOW/BUSDand timestamp 1650193200000 (2022-04-17 11:00:00)
[INFO] Received 365 data points
[INFO] Start fetching 365 data points from binance for QNT/BUSDand timestamp 1652821200000 (2022-05-17 21:00:00)
[INFO] Received 365 data points
[INFO] Start fetching 365 data points from binance for XEC/BUSDand timestamp 1651507200000 (2022-05-02 16:00:00)
[INFO] Received 365 data points
[INFO] Start fetching 365 data points from binance for FLOW/BUSDand timestamp 1651507200000 (2022-05-02 16:00:00)
[INFO] Received 365 data points
[INFO] Start fetching 365 data points from binance for QNT/BUSDand timestamp 1654135200000 (2022-06-02 02:00:00)
[INFO] Received 365 data points
[INFO] Start fetching 365 data points from binance for XEC/BUSDand timestamp 1652821200000 (2022-05-17 21:00:00)
[INFO] Received 365 data points
[INFO] Start fetching 365 data points from binance for FLOW/BUSDand timestamp 1652821200000 (2022-05-17 21:00:00)
[INFO] Received 365 data points
[INFO] Start fetching 365 data points from binance for QNT/BUSDand timestamp 1655449200000 (2022-06-17 07:00:00)
[INFO] Received 365 data points
[INFO] Start fetching 365 data points from binance for XEC/BUSDand timestamp 1654135200000 (2022-06-02 02:00:00)
[INFO] Received 365 data points
[INFO] Start fetching 365 data points from binance for FLOW/BUSDand timestamp 1654135200000 (2022-06-02 02:00:00)
[INFO] Received 365 data points
[INFO] Received 365 data points
[INFO] Start fetching 365 data points from binance for XEC/BUSDand timestamp 1655449200000 (2022-06-17 07:00:00)
[INFO] Received 365 data points
[INFO] Start fetching 365 data points from binance for FLOW/BUSDand timestamp 1655449200000 (2022-06-17 07:00:00)
[INFO] Received 365 data points
[INFO] Received 365 data points
