[INFO] Started to fetch data for MATIC/BUSD with a resolution of 1h from exchange binance
[INFO] Started to fetch data for IMX/BUSD with a resolution of 1h from exchange binance
[INFO] Started to fetch data for SNX/BUSD with a resolution of 1h from exchange binance
[INFO] Started to fetch data for LRC/BUSD with a resolution of 1h from exchange binance
[INFO] Started to fetch data for OMG/BUSD with a resolution of 1h from exchange binance
[INFO] Started to fetch data for ZRX/BUSD with a resolution of 1h from exchange binance
[INFO] Started to fetch data for CELR/BUSD with a resolution of 1h from exchange binance
[INFO] Started to fetch data for DYDX/BUSD with a resolution of 1h from exchange binance
[INFO] Started to fetch data for PERP/BUSD with a resolution of 1h from exchange binance
[INFO] Started to fetch data for GMX/BUSD with a resolution of 1h from exchange binance
[INFO] Started to fetch data for CTSI/BUSD with a resolution of 1h from exchange binance
[INFO] Start fetching 365 data points from binance for SNX/BUSDand timestamp 1625097600000 (2021-07-01 00:00:00)
[INFO] Start fetching 365 data points from binance for CELR/BUSDand timestamp 1625097600000 (2021-07-01 00:00:00)
[INFO] Start fetching 365 data points from binance for PERP/BUSDand timestamp 1625097600000 (2021-07-01 00:00:00)
[INFO] Start fetching 365 data points from binance for IMX/BUSDand timestamp 1625097600000 (2021-07-01 00:00:00)
[INFO] Start fetching 365 data points from binance for ZRX/BUSDand timestamp 1625097600000 (2021-07-01 00:00:00)
[INFO] Start fetching 365 data points from binance for DYDX/BUSDand timestamp 1625097600000 (2021-07-01 00:00:00)
[INFO] Start fetching 365 data points from binance for MATIC/BUSDand timestamp 1625097600000 (2021-07-01 00:00:00)
[INFO] Start fetching 365 data points from binance for OMG/BUSDand timestamp 1625097600000 (2021-07-01 00:00:00)
[INFO] Start fetching 365 data points from binance for CTSI/BUSDand timestamp 1625097600000 (2021-07-01 00:00:00)
[INFO] Start fetching 365 data points from binance for LRC/BUSDand timestamp 1625097600000 (2021-07-01 00:00:00)
[INFO] Start fetching 365 data points from binance for GMX/BUSDand timestamp 1625097600000 (2021-07-01 00:00:00)
[INFO] Received 365 data points
[INFO] Start fetching 365 data points from binance for SNX/BUSDand timestamp 1626411600000 (2021-07-16 05:00:00)
[INFO] Received 365 data points
[INFO] Start fetching 365 data points from binance for CELR/BUSDand timestamp 1626411600000 (2021-07-16 05:00:00)
[INFO] Received 365 data points
[INFO] Start fetching 365 data points from binance for PERP/BUSDand timestamp 1626411600000 (2021-07-16 05:00:00)
[INFO] Received 365 data points
[INFO] Start fetching 365 data points from binance for IMX/BUSDand timestamp 1643122800000 (2022-01-25 15:00:00)
[INFO] Received 365 data points
[INFO] Start fetching 365 data points from binance for ZRX/BUSDand timestamp 1626411600000 (2021-07-16 05:00:00)
[INFO] Received 365 data points
[INFO] Start fetching 365 data points from binance for MATIC/BUSDand timestamp 1626411600000 (2021-07-16 05:00:00)
[INFO] Received 365 data points
[INFO] Start fetching 365 data points from binance for OMG/BUSDand timestamp 1626411600000 (2021-07-16 05:00:00)
[INFO] Received 365 data points
[INFO] Start fetching 365 data points from binance for DYDX/BUSDand timestamp 1632466800000 (2021-09-24 07:00:00)
[INFO] Received 365 data points
[INFO] Start fetching 365 data points from binance for CTSI/BUSDand timestamp 1626411600000 (2021-07-16 05:00:00)
[INFO] Received 365 data points
[INFO] Start fetching 365 data points from binance for LRC/BUSDand timestamp 1626411600000 (2021-07-16 05:00:00)
[INFO] Received 43 data points
[INFO] Received 365 data points
[INFO] Start fetching 365 data points from binance for SNX/BUSDand timestamp 1627725600000 (2021-07-31 10:00:00)
[INFO] Received 365 data points
[INFO] Start fetching 365 data points from binance for CELR/BUSDand timestamp 1627725600000 (2021-07-31 10:00:00)
[INFO] Received 365 data points
[INFO] Start fetching 365 data points from binance for PERP/BUSDand timestamp 1627725600000 (2021-07-31 10:00:00)
[INFO] Received 365 data points
[INFO] Start fetching 365 data points from binance for IMX/BUSDand timestamp 1644436800000 (2022-02-09 20:00:00)
[INFO] Received 365 data points
[INFO] Start fetching 365 data points from binance for MATIC/BUSDand timestamp 1627725600000 (2021-07-31 10:00:00)
[INFO] Received 365 data points
[INFO] Start fetching 365 data points from binance for OMG/BUSDand timestamp 1627725600000 (2021-07-31 10:00:00)
[INFO] Received 365 data points
[INFO] Start fetching 365 data points from binance for ZRX/BUSDand timestamp 1627725600000 (2021-07-31 10:00:00)
[INFO] Received 365 data points
[INFO] Start fetching 365 data points from binance for DYDX/BUSDand timestamp 1633788000000 (2021-10-09 14:00:00)
[INFO] Received 365 data points
[INFO] Start fetching 365 data points from binance for CTSI/BUSDand timestamp 1627725600000 (2021-07-31 10:00:00)
[INFO] Received 365 data points
[INFO] Start fetching 365 data points from binance for LRC/BUSDand timestamp 1627725600000 (2021-07-31 10:00:00)
[INFO] Received 365 data points
[INFO] Start fetching 365 data points from binance for SNX/BUSDand timestamp 1629054000000 (2021-08-15 19:00:00)
[INFO] Received 365 data points
[INFO] Start fetching 365 data points from binance for CELR/BUSDand timestamp 1629054000000 (2021-08-15 19:00:00)
[INFO] Received 365 data points
[INFO] Start fetching 365 data points from binance for PERP/BUSDand timestamp 1629054000000 (2021-08-15 19:00:00)
[INFO] Received 365 data points
[INFO] Start fetching 365 data points from binance for IMX/BUSDand timestamp 1645750800000 (2022-02-25 01:00:00)
[INFO] Received 365 data points
[INFO] Start fetching 365 data points from binance for MATIC/BUSDand timestamp 1629054000000 (2021-08-15 19:00:00)
[INFO] Received 365 data points
[INFO] Start fetching 365 data points from binance for OMG/BUSDand timestamp 1629054000000 (2021-08-15 19:00:00)
[INFO] Received 365 data points
[INFO] Start fetching 365 data points from binance for DYDX/BUSDand timestamp 1635102000000 (2021-10-24 19:00:00)
[INFO] Received 365 data points
[INFO] Start fetching 365 data points from binance for CTSI/BUSDand timestamp 1629054000000 (2021-08-15 19:00:00)
[INFO] Received 365 data points
[INFO] Start fetching 365 data points from binance for ZRX/BUSDand timestamp 1629054000000 (2021-08-15 19:00:00)
[INFO] Received 365 data points
[INFO] Start fetching 365 data points from binance for LRC/BUSDand timestamp 1629054000000 (2021-08-15 19:00:00)
[INFO] Received 365 data points
[INFO] Start fetching 365 data points from binance for SNX/BUSDand timestamp 1630368000000 (2021-08-31 00:00:00)
[INFO] Received 365 data points
[INFO] Start fetching 365 data points from binance for CELR/BUSDand timestamp 1630368000000 (2021-08-31 00:00:00)
[INFO] Received 365 data points
[INFO] Start fetching 365 data points from binance for IMX/BUSDand timestamp 1647064800000 (2022-03-12 06:00:00)
[INFO] Received 365 data points
[INFO] Start fetching 365 data points from binance for MATIC/BUSDand timestamp 1630368000000 (2021-08-31 00:00:00)
[INFO] Received 365 data points
[INFO] Start fetching 365 data points from binance for PERP/BUSDand timestamp 1630368000000 (2021-08-31 00:00:00)
[INFO] Received 365 data points
[INFO] Start fetching 365 data points from binance for OMG/BUSDand timestamp 1630368000000 (2021-08-31 00:00:00)
[INFO] Received 365 data points
[INFO] Start fetching 365 data points from binance for DYDX/BUSDand timestamp 1636416000000 (2021-11-09 00:00:00)
[INFO] Received 365 data points
[INFO] Start fetching 365 data points from binance for CTSI/BUSDand timestamp 1630368000000 (2021-08-31 00:00:00)
[INFO] Received 365 data points
[INFO] Start fetching 365 data points from binance for ZRX/BUSDand timestamp 1630368000000 (2021-08-31 00:00:00)
[INFO] Received 365 data points
[INFO] Start fetching 365 data points from binance for LRC/BUSDand timestamp 1630368000000 (2021-08-31 00:00:00)
[INFO] Received 365 data points
[INFO] Start fetching 365 data points from binance for SNX/BUSDand timestamp 1631682000000 (2021-09-15 05:00:00)
[INFO] Received 365 data points
[INFO] Start fetching 365 data points from binance for CELR/BUSDand timestamp 1631682000000 (2021-09-15 05:00:00)
[INFO] Received 365 data points
[INFO] Start fetching 365 data points from binance for IMX/BUSDand timestamp 1648378800000 (2022-03-27 11:00:00)
[INFO] Received 365 data points
[INFO] Start fetching 365 data points from binance for PERP/BUSDand timestamp 1631682000000 (2021-09-15 05:00:00)
[INFO] Received 365 data points
[INFO] Start fetching 365 data points from binance for MATIC/BUSDand timestamp 1631682000000 (2021-09-15 05:00:00)
[INFO] Received 365 data points
[INFO] Start fetching 365 data points from binance for DYDX/BUSDand timestamp 1637730000000 (2021-11-24 05:00:00)
[INFO] Received 365 data points
[INFO] Start fetching 365 data points from binance for OMG/BUSDand timestamp 1631682000000 (2021-09-15 05:00:00)
[INFO] Received 365 data points
[INFO] Start fetching 365 data points from binance for ZRX/BUSDand timestamp 1631682000000 (2021-09-15 05:00:00)
[INFO] Received 365 data points
[INFO] Start fetching 365 data points from binance for LRC/BUSDand timestamp 1631682000000 (2021-09-15 05:00:00)
[INFO] Received 365 data points
[INFO] Start fetching 365 data points from binance for SNX/BUSDand timestamp 1633003200000 (2021-09-30 12:00:00)
[INFO] Received 365 data points
[INFO] Start fetching 365 data points from binance for CTSI/BUSDand timestamp 1631682000000 (2021-09-15 05:00:00)
[INFO] Received 365 data points
[INFO] Start fetching 365 data points from binance for CELR/BUSDand timestamp 1633003200000 (2021-09-30 12:00:00)
[INFO] Received 365 data points
[INFO] Start fetching 365 data points from binance for IMX/BUSDand timestamp 1649692800000 (2022-04-11 16:00:00)
[INFO] Received 365 data points
[INFO] Start fetching 365 data points from binance for PERP/BUSDand timestamp 1633003200000 (2021-09-30 12:00:00)
[INFO] Received 365 data points
[INFO] Start fetching 365 data points from binance for MATIC/BUSDand timestamp 1633003200000 (2021-09-30 12:00:00)
[INFO] Received 365 data points
[INFO] Start fetching 365 data points from binance for DYDX/BUSDand timestamp 1639044000000 (2021-12-09 10:00:00)
[INFO] Received 365 data points
[INFO] Start fetching 365 data points from binance for OMG/BUSDand timestamp 1633003200000 (2021-09-30 12:00:00)
[INFO] Received 365 data points
[INFO] Start fetching 365 data points from binance for ZRX/BUSDand timestamp 1633003200000 (2021-09-30 12:00:00)
[INFO] Received 365 data points
[INFO] Start fetching 365 data points from binance for LRC/BUSDand timestamp 1633003200000 (2021-09-30 12:00:00)
[INFO] Received 365 data points
[INFO] Start fetching 365 data points from binance for SNX/BUSDand timestamp 1634317200000 (2021-10-15 17:00:00)
[INFO] Received 365 data points
[INFO] Start fetching 365 data points from binance for CTSI/BUSDand timestamp 1633003200000 (2021-09-30 12:00:00)
[INFO] Received 365 data points
[INFO] Start fetching 365 data points from binance for CELR/BUSDand timestamp 1634317200000 (2021-10-15 17:00:00)
[INFO] Received 365 data points
[INFO] Start fetching 365 data points from binance for IMX/BUSDand timestamp 1651006800000 (2022-04-26 21:00:00)
[INFO] Received 365 data points
[INFO] Start fetching 365 data points from binance for PERP/BUSDand timestamp 1634317200000 (2021-10-15 17:00:00)
[INFO] Received 365 data points
[INFO] Start fetching 365 data points from binance for DYDX/BUSDand timestamp 1640358000000 (2021-12-24 15:00:00)
[INFO] Received 365 data points
[INFO] Start fetching 365 data points from binance for OMG/BUSDand timestamp 1634317200000 (2021-10-15 17:00:00)
[INFO] Received 365 data points
[INFO] Start fetching 365 data points from binance for MATIC/BUSDand timestamp 1634317200000 (2021-10-15 17:00:00)
[INFO] Received 365 data points
[INFO] Start fetching 365 data points from binance for ZRX/BUSDand timestamp 1634317200000 (2021-10-15 17:00:00)
[INFO] Received 365 data points
[INFO] Start fetching 365 data points from binance for LRC/BUSDand timestamp 1634317200000 (2021-10-15 17:00:00)
[INFO] Received 365 data points
[INFO] Start fetching 365 data points from binance for SNX/BUSDand timestamp 1635631200000 (2021-10-30 22:00:00)
[INFO] Received 365 data points
[INFO] Start fetching 365 data points from binance for CTSI/BUSDand timestamp 1634317200000 (2021-10-15 17:00:00)
[INFO] Received 365 data points
[INFO] Start fetching 365 data points from binance for CELR/BUSDand timestamp 1635631200000 (2021-10-30 22:00:00)
[INFO] Received 365 data points
[INFO] Start fetching 365 data points from binance for IMX/BUSDand timestamp 1652320800000 (2022-05-12 02:00:00)
[INFO] Received 365 data points
[INFO] Start fetching 365 data points from binance for DYDX/BUSDand timestamp 1641672000000 (2022-01-08 20:00:00)
[INFO] Received 365 data points
[INFO] Start fetching 365 data points from binance for OMG/BUSDand timestamp 1635631200000 (2021-10-30 22:00:00)
[INFO] Received 365 data points
[INFO] Start fetching 365 data points from binance for PERP/BUSDand timestamp 1635631200000 (2021-10-30 22:00:00)
[INFO] Received 365 data points
[INFO] Start fetching 365 data points from binance for MATIC/BUSDand timestamp 1635631200000 (2021-10-30 22:00:00)
[INFO] Received 365 data points
[INFO] Start fetching 365 data points from binance for ZRX/BUSDand timestamp 1635631200000 (2021-10-30 22:00:00)
[INFO] Received 365 data points
[INFO] Start fetching 365 data points from binance for LRC/BUSDand timestamp 1635631200000 (2021-10-30 22:00:00)
[INFO] Received 365 data points
[INFO] Start fetching 365 data points from binance for CTSI/BUSDand timestamp 1635631200000 (2021-10-30 22:00:00)
[INFO] Received 365 data points
[INFO] Start fetching 365 data points from binance for CELR/BUSDand timestamp 1636945200000 (2021-11-15 03:00:00)
[INFO] Received 365 data points
[INFO] Start fetching 365 data points from binance for SNX/BUSDand timestamp 1636945200000 (2021-11-15 03:00:00)
[INFO] Received 365 data points
[INFO] Start fetching 365 data points from binance for IMX/BUSDand timestamp 1653634800000 (2022-05-27 07:00:00)
[INFO] Received 365 data points
[INFO] Start fetching 365 data points from binance for DYDX/BUSDand timestamp 1642986000000 (2022-01-24 01:00:00)
[INFO] Received 365 data points
[INFO] Start fetching 365 data points from binance for PERP/BUSDand timestamp 1636945200000 (2021-11-15 03:00:00)
[INFO] Received 365 data points
[INFO] Start fetching 365 data points from binance for OMG/BUSDand timestamp 1636945200000 (2021-11-15 03:00:00)
[INFO] Received 365 data points
[INFO] Start fetching 365 data points from binance for ZRX/BUSDand timestamp 1636945200000 (2021-11-15 03:00:00)
[INFO] Received 365 data points
[INFO] Start fetching 365 data points from binance for LRC/BUSDand timestamp 1636945200000 (2021-11-15 03:00:00)
[INFO] Received 365 data points
[INFO] Start fetching 365 data points from binance for MATIC/BUSDand timestamp 1636945200000 (2021-11-15 03:00:00)
[INFO] Received 365 data points
[INFO] Start fetching 365 data points from binance for CTSI/BUSDand timestamp 1636945200000 (2021-11-15 03:00:00)
[INFO] Received 365 data points
[INFO] Start fetching 365 data points from binance for CELR/BUSDand timestamp 1638259200000 (2021-11-30 08:00:00)
[INFO] Received 365 data points
[INFO] Start fetching 365 data points from binance for SNX/BUSDand timestamp 1638259200000 (2021-11-30 08:00:00)
[INFO] Received 365 data points
[INFO] Start fetching 365 data points from binance for IMX/BUSDand timestamp 1654948800000 (2022-06-11 12:00:00)
[INFO] Received 365 data points
[INFO] Start fetching 365 data points from binance for DYDX/BUSDand timestamp 1644300000000 (2022-02-08 06:00:00)
[INFO] Received 365 data points
[INFO] Start fetching 365 data points from binance for PERP/BUSDand timestamp 1638259200000 (2021-11-30 08:00:00)
[INFO] Received 365 data points
[INFO] Start fetching 365 data points from binance for OMG/BUSDand timestamp 1638259200000 (2021-11-30 08:00:00)
[INFO] Received 365 data points
[INFO] Start fetching 365 data points from binance for ZRX/BUSDand timestamp 1638259200000 (2021-11-30 08:00:00)
[INFO] Received 365 data points
[INFO] Start fetching 365 data points from binance for MATIC/BUSDand timestamp 1638259200000 (2021-11-30 08:00:00)
[INFO] Received 365 data points
[INFO] Start fetching 365 data points from binance for CTSI/BUSDand timestamp 1638259200000 (2021-11-30 08:00:00)
[INFO] Received 365 data points
[INFO] Start fetching 365 data points from binance for LRC/BUSDand timestamp 1638259200000 (2021-11-30 08:00:00)
[INFO] Received 365 data points
[INFO] Start fetching 365 data points from binance for CELR/BUSDand timestamp 1639573200000 (2021-12-15 13:00:00)
[INFO] Received 365 data points
[INFO] Start fetching 365 data points from binance for SNX/BUSDand timestamp 1639573200000 (2021-12-15 13:00:00)
[INFO] Received 365 data points
[INFO] Start fetching 365 data points from binance for IMX/BUSDand timestamp 1656262800000 (2022-06-26 17:00:00)
[INFO] Received 365 data points
[INFO] Start fetching 365 data points from binance for DYDX/BUSDand timestamp 1645614000000 (2022-02-23 11:00:00)
[INFO] Received 365 data points
[INFO] Start fetching 365 data points from binance for OMG/BUSDand timestamp 1639573200000 (2021-12-15 13:00:00)
[INFO] Received 365 data points
[INFO] Start fetching 365 data points from binance for PERP/BUSDand timestamp 1639573200000 (2021-12-15 13:00:00)
[INFO] Received 365 data points
[INFO] Start fetching 365 data points from binance for MATIC/BUSDand timestamp 1639573200000 (2021-12-15 13:00:00)
[INFO] Received 365 data points
[INFO] Start fetching 365 data points from binance for CTSI/BUSDand timestamp 1639573200000 (2021-12-15 13:00:00)
[INFO] Received 365 data points
[INFO] Start fetching 365 data points from binance for ZRX/BUSDand timestamp 1639573200000 (2021-12-15 13:00:00)
[INFO] Received 365 data points
[INFO] Start fetching 365 data points from binance for LRC/BUSDand timestamp 1639573200000 (2021-12-15 13:00:00)
[INFO] Received 365 data points
[INFO] Start fetching 365 data points from binance for CELR/BUSDand timestamp 1640887200000 (2021-12-30 18:00:00)
[INFO] Received 365 data points
[INFO] Start fetching 365 data points from binance for SNX/BUSDand timestamp 1640887200000 (2021-12-30 18:00:00)
[INFO] Received 365 data points
[INFO] Received 365 data points
[INFO] Start fetching 365 data points from binance for DYDX/BUSDand timestamp 1646928000000 (2022-03-10 16:00:00)
[INFO] Received 365 data points
[INFO] Start fetching 365 data points from binance for PERP/BUSDand timestamp 1640887200000 (2021-12-30 18:00:00)
[INFO] Received 365 data points
[INFO] Start fetching 365 data points from binance for MATIC/BUSDand timestamp 1640887200000 (2021-12-30 18:00:00)
[INFO] Received 365 data points
[INFO] Start fetching 365 data points from binance for OMG/BUSDand timestamp 1640887200000 (2021-12-30 18:00:00)
[INFO] Received 365 data points
[INFO] Start fetching 365 data points from binance for CTSI/BUSDand timestamp 1640887200000 (2021-12-30 18:00:00)
[INFO] Received 365 data points
[INFO] Start fetching 365 data points from binance for ZRX/BUSDand timestamp 1640887200000 (2021-12-30 18:00:00)
[INFO] Received 365 data points
[INFO] Start fetching 365 data points from binance for LRC/BUSDand timestamp 1640887200000 (2021-12-30 18:00:00)
[INFO] Received 365 data points
[INFO] Start fetching 365 data points from binance for CELR/BUSDand timestamp 1642201200000 (2022-01-14 23:00:00)
[INFO] Received 365 data points
[INFO] Start fetching 365 data points from binance for SNX/BUSDand timestamp 1642201200000 (2022-01-14 23:00:00)
[INFO] Received 365 data points
[INFO] Start fetching 365 data points from binance for DYDX/BUSDand timestamp 1648242000000 (2022-03-25 21:00:00)
[INFO] Received 365 data points
[INFO] Start fetching 365 data points from binance for OMG/BUSDand timestamp 1642201200000 (2022-01-14 23:00:00)
[INFO] Received 365 data points
[INFO] Start fetching 365 data points from binance for PERP/BUSDand timestamp 1642201200000 (2022-01-14 23:00:00)
[INFO] Received 365 data points
[INFO] Start fetching 365 data points from binance for CTSI/BUSDand timestamp 1642201200000 (2022-01-14 23:00:00)
[INFO] Received 365 data points
[INFO] Start fetching 365 data points from binance for ZRX/BUSDand timestamp 1642201200000 (2022-01-14 23:00:00)
[INFO] Received 365 data points
[INFO] Start fetching 365 data points from binance for MATIC/BUSDand timestamp 1642201200000 (2022-01-14 23:00:00)
[INFO] Received 365 data points
[INFO] Start fetching 365 data points from binance for LRC/BUSDand timestamp 1642201200000 (2022-01-14 23:00:00)
[INFO] Received 365 data points
[INFO] Start fetching 365 data points from binance for CELR/BUSDand timestamp 1643515200000 (2022-01-30 04:00:00)
[INFO] Received 365 data points
[INFO] Start fetching 365 data points from binance for SNX/BUSDand timestamp 1643515200000 (2022-01-30 04:00:00)
[INFO] Received 365 data points
[INFO] Start fetching 365 data points from binance for DYDX/BUSDand timestamp 1649556000000 (2022-04-10 02:00:00)
[INFO] Received 365 data points
[INFO] Start fetching 365 data points from binance for OMG/BUSDand timestamp 1643515200000 (2022-01-30 04:00:00)
[INFO] Received 365 data points
[INFO] Start fetching 365 data points from binance for PERP/BUSDand timestamp 1643515200000 (2022-01-30 04:00:00)
[INFO] Received 365 data points
[INFO] Start fetching 365 data points from binance for CTSI/BUSDand timestamp 1643515200000 (2022-01-30 04:00:00)
[INFO] Received 365 data points
[INFO] Start fetching 365 data points from binance for ZRX/BUSDand timestamp 1643515200000 (2022-01-30 04:00:00)
[INFO] Received 365 data points
[INFO] Start fetching 365 data points from binance for MATIC/BUSDand timestamp 1643515200000 (2022-01-30 04:00:00)
[INFO] Received 365 data points
[INFO] Start fetching 365 data points from binance for LRC/BUSDand timestamp 1643515200000 (2022-01-30 04:00:00)
[INFO] Received 365 data points
[INFO] Start fetching 365 data points from binance for CELR/BUSDand timestamp 1644829200000 (2022-02-14 09:00:00)
[INFO] Received 365 data points
[INFO] Start fetching 365 data points from binance for SNX/BUSDand timestamp 1644829200000 (2022-02-14 09:00:00)
[INFO] Received 365 data points
[INFO] Start fetching 365 data points from binance for DYDX/BUSDand timestamp 1650870000000 (2022-04-25 07:00:00)
[INFO] Received 365 data points
[INFO] Start fetching 365 data points from binance for OMG/BUSDand timestamp 1644829200000 (2022-02-14 09:00:00)
[INFO] Received 365 data points
[INFO] Start fetching 365 data points from binance for PERP/BUSDand timestamp 1644829200000 (2022-02-14 09:00:00)
[INFO] Received 365 data points
[INFO] Start fetching 365 data points from binance for ZRX/BUSDand timestamp 1644829200000 (2022-02-14 09:00:00)
[INFO] Received 365 data points
[INFO] Start fetching 365 data points from binance for MATIC/BUSDand timestamp 1644829200000 (2022-02-14 09:00:00)
[INFO] Received 365 data points
[INFO] Start fetching 365 data points from binance for CTSI/BUSDand timestamp 1644829200000 (2022-02-14 09:00:00)
[INFO] Received 365 data points
[INFO] Start fetching 365 data points from binance for LRC/BUSDand timestamp 1644829200000 (2022-02-14 09:00:00)
[INFO] Received 365 data points
[INFO] Start fetching 365 data points from binance for CELR/BUSDand timestamp 1646143200000 (2022-03-01 14:00:00)
[INFO] Received 365 data points
[INFO] Start fetching 365 data points from binance for SNX/BUSDand timestamp 1646143200000 (2022-03-01 14:00:00)
[INFO] Received 365 data points
[INFO] Start fetching 365 data points from binance for DYDX/BUSDand timestamp 1652184000000 (2022-05-10 12:00:00)
[INFO] Received 365 data points
[INFO] Start fetching 365 data points from binance for OMG/BUSDand timestamp 1646143200000 (2022-03-01 14:00:00)
[INFO] Received 365 data points
[INFO] Start fetching 365 data points from binance for PERP/BUSDand timestamp 1646143200000 (2022-03-01 14:00:00)
[INFO] Received 365 data points
[INFO] Start fetching 365 data points from binance for ZRX/BUSDand timestamp 1646143200000 (2022-03-01 14:00:00)
[INFO] Received 365 data points
[INFO] Start fetching 365 data points from binance for MATIC/BUSDand timestamp 1646143200000 (2022-03-01 14:00:00)
[INFO] Received 365 data points
[INFO] Start fetching 365 data points from binance for CTSI/BUSDand timestamp 1646143200000 (2022-03-01 14:00:00)
[INFO] Received 365 data points
[INFO] Start fetching 365 data points from binance for LRC/BUSDand timestamp 1646143200000 (2022-03-01 14:00:00)
[INFO] Received 365 data points
[INFO] Start fetching 365 data points from binance for CELR/BUSDand timestamp 1647457200000 (2022-03-16 19:00:00)
[INFO] Received 365 data points
[INFO] Start fetching 365 data points from binance for SNX/BUSDand timestamp 1647457200000 (2022-03-16 19:00:00)
[INFO] Received 365 data points
[INFO] Start fetching 365 data points from binance for DYDX/BUSDand timestamp 1653498000000 (2022-05-25 17:00:00)
[INFO] Received 365 data points
[INFO] Start fetching 365 data points from binance for OMG/BUSDand timestamp 1647457200000 (2022-03-16 19:00:00)
[INFO] Received 365 data points
[INFO] Start fetching 365 data points from binance for PERP/BUSDand timestamp 1647457200000 (2022-03-16 19:00:00)
[INFO] Received 365 data points
[INFO] Start fetching 365 data points from binance for ZRX/BUSDand timestamp 1647457200000 (2022-03-16 19:00:00)
[INFO] Received 365 data points
[INFO] Start fetching 365 data points from binance for MATIC/BUSDand timestamp 1647457200000 (2022-03-16 19:00:00)
[INFO] Received 365 data points
[INFO] Start fetching 365 data points from binance for CTSI/BUSDand timestamp 1647457200000 (2022-03-16 19:00:00)
[INFO] Received 365 data points
[INFO] Start fetching 365 data points from binance for LRC/BUSDand timestamp 1647457200000 (2022-03-16 19:00:00)
[INFO] Received 365 data points
[INFO] Start fetching 365 data points from binance for CELR/BUSDand timestamp 1648771200000 (2022-04-01 00:00:00)
[INFO] Received 365 data points
[INFO] Start fetching 365 data points from binance for DYDX/BUSDand timestamp 1654812000000 (2022-06-09 22:00:00)
[INFO] Received 365 data points
[INFO] Start fetching 365 data points from binance for SNX/BUSDand timestamp 1648771200000 (2022-04-01 00:00:00)
[INFO] Received 365 data points
[INFO] Start fetching 365 data points from binance for PERP/BUSDand timestamp 1648771200000 (2022-04-01 00:00:00)
[INFO] Received 365 data points
[INFO] Start fetching 365 data points from binance for ZRX/BUSDand timestamp 1648771200000 (2022-04-01 00:00:00)
[INFO] Received 365 data points
[INFO] Start fetching 365 data points from binance for OMG/BUSDand timestamp 1648771200000 (2022-04-01 00:00:00)
[INFO] Received 365 data points
[INFO] Start fetching 365 data points from binance for MATIC/BUSDand timestamp 1648771200000 (2022-04-01 00:00:00)
[INFO] Received 365 data points
[INFO] Start fetching 365 data points from binance for CTSI/BUSDand timestamp 1648771200000 (2022-04-01 00:00:00)
[INFO] Received 365 data points
[INFO] Start fetching 365 data points from binance for LRC/BUSDand timestamp 1648771200000 (2022-04-01 00:00:00)
[INFO] Received 365 data points
[INFO] Start fetching 365 data points from binance for CELR/BUSDand timestamp 1650085200000 (2022-04-16 05:00:00)
[INFO] Received 365 data points
[INFO] Start fetching 365 data points from binance for DYDX/BUSDand timestamp 1656126000000 (2022-06-25 03:00:00)
[INFO] Received 365 data points
[INFO] Start fetching 365 data points from binance for SNX/BUSDand timestamp 1650085200000 (2022-04-16 05:00:00)
[INFO] Received 365 data points
[INFO] Start fetching 365 data points from binance for PERP/BUSDand timestamp 1650085200000 (2022-04-16 05:00:00)
[INFO] Received 365 data points
[INFO] Start fetching 365 data points from binance for ZRX/BUSDand timestamp 1650085200000 (2022-04-16 05:00:00)
[INFO] Received 365 data points
[INFO] Start fetching 365 data points from binance for OMG/BUSDand timestamp 1650085200000 (2022-04-16 05:00:00)
[INFO] Received 365 data points
[INFO] Start fetching 365 data points from binance for CTSI/BUSDand timestamp 1650085200000 (2022-04-16 05:00:00)
[INFO] Received 365 data points
[INFO] Start fetching 365 data points from binance for LRC/BUSDand timestamp 1650085200000 (2022-04-16 05:00:00)
[INFO] Received 365 data points
[INFO] Start fetching 365 data points from binance for MATIC/BUSDand timestamp 1650085200000 (2022-04-16 05:00:00)
[INFO] Received 365 data points
[INFO] Start fetching 365 data points from binance for CELR/BUSDand timestamp 1651399200000 (2022-05-01 10:00:00)
[INFO] Received 365 data points
[INFO] Received 365 data points
[INFO] Start fetching 365 data points from binance for SNX/BUSDand timestamp 1651399200000 (2022-05-01 10:00:00)
[INFO] Received 365 data points
[INFO] Start fetching 365 data points from binance for PERP/BUSDand timestamp 1651399200000 (2022-05-01 10:00:00)
[INFO] Received 365 data points
[INFO] Start fetching 365 data points from binance for OMG/BUSDand timestamp 1651399200000 (2022-05-01 10:00:00)
[INFO] Received 365 data points
[INFO] Start fetching 365 data points from binance for CTSI/BUSDand timestamp 1651399200000 (2022-05-01 10:00:00)
[INFO] Received 365 data points
[INFO] Start fetching 365 data points from binance for ZRX/BUSDand timestamp 1651399200000 (2022-05-01 10:00:00)
[INFO] Received 365 data points
[INFO] Start fetching 365 data points from binance for LRC/BUSDand timestamp 1651399200000 (2022-05-01 10:00:00)
[INFO] Received 365 data points
[INFO] Start fetching 365 data points from binance for MATIC/BUSDand timestamp 1651399200000 (2022-05-01 10:00:00)
[INFO] Received 365 data points
[INFO] Start fetching 365 data points from binance for CELR/BUSDand timestamp 1652713200000 (2022-05-16 15:00:00)
[INFO] Received 365 data points
[INFO] Start fetching 365 data points from binance for SNX/BUSDand timestamp 1652713200000 (2022-05-16 15:00:00)
[INFO] Received 365 data points
[INFO] Start fetching 365 data points from binance for PERP/BUSDand timestamp 1652713200000 (2022-05-16 15:00:00)
[INFO] Received 365 data points
[INFO] Start fetching 365 data points from binance for CTSI/BUSDand timestamp 1652713200000 (2022-05-16 15:00:00)
[INFO] Received 365 data points
[INFO] Start fetching 365 data points from binance for ZRX/BUSDand timestamp 1652713200000 (2022-05-16 15:00:00)
[INFO] Received 365 data points
[INFO] Start fetching 365 data points from binance for OMG/BUSDand timestamp 1652713200000 (2022-05-16 15:00:00)
[INFO] Received 365 data points
[INFO] Start fetching 365 data points from binance for LRC/BUSDand timestamp 1652713200000 (2022-05-16 15:00:00)
[INFO] Received 365 data points
[INFO] Start fetching 365 data points from binance for MATIC/BUSDand timestamp 1652713200000 (2022-05-16 15:00:00)
[INFO] Received 365 data points
[INFO] Start fetching 365 data points from binance for CELR/BUSDand timestamp 1654027200000 (2022-05-31 20:00:00)
[INFO] Received 365 data points
[INFO] Start fetching 365 data points from binance for SNX/BUSDand timestamp 1654027200000 (2022-05-31 20:00:00)
[INFO] Received 365 data points
[INFO] Start fetching 365 data points from binance for PERP/BUSDand timestamp 1654027200000 (2022-05-31 20:00:00)
[INFO] Received 365 data points
[INFO] Start fetching 365 data points from binance for CTSI/BUSDand timestamp 1654027200000 (2022-05-31 20:00:00)
[INFO] Received 365 data points
[INFO] Start fetching 365 data points from binance for ZRX/BUSDand timestamp 1654027200000 (2022-05-31 20:00:00)
[INFO] Received 365 data points
[INFO] Start fetching 365 data points from binance for OMG/BUSDand timestamp 1654027200000 (2022-05-31 20:00:00)
[INFO] Received 365 data points
[INFO] Start fetching 365 data points from binance for LRC/BUSDand timestamp 1654027200000 (2022-05-31 20:00:00)
[INFO] Received 365 data points
[INFO] Start fetching 365 data points from binance for MATIC/BUSDand timestamp 1654027200000 (2022-05-31 20:00:00)
[INFO] Received 365 data points
[INFO] Start fetching 365 data points from binance for CELR/BUSDand timestamp 1655341200000 (2022-06-16 01:00:00)
[INFO] Received 365 data points
[INFO] Start fetching 365 data points from binance for SNX/BUSDand timestamp 1655341200000 (2022-06-16 01:00:00)
[INFO] Received 365 data points
[INFO] Start fetching 365 data points from binance for PERP/BUSDand timestamp 1655341200000 (2022-06-16 01:00:00)
[INFO] Received 365 data points
[INFO] Start fetching 365 data points from binance for CTSI/BUSDand timestamp 1655341200000 (2022-06-16 01:00:00)
[INFO] Received 365 data points
[INFO] Start fetching 365 data points from binance for ZRX/BUSDand timestamp 1655341200000 (2022-06-16 01:00:00)
[INFO] Received 365 data points
[INFO] Start fetching 365 data points from binance for OMG/BUSDand timestamp 1655341200000 (2022-06-16 01:00:00)
[INFO] Received 365 data points
[INFO] Start fetching 365 data points from binance for LRC/BUSDand timestamp 1655341200000 (2022-06-16 01:00:00)
[INFO] Received 365 data points
[INFO] Start fetching 365 data points from binance for MATIC/BUSDand timestamp 1655341200000 (2022-06-16 01:00:00)
[INFO] Received 365 data points
[INFO] Received 365 data points
[INFO] Received 365 data points
[INFO] Received 365 data points
[INFO] Received 365 data points
[INFO] Received 365 data points
[INFO] Received 365 data points
[INFO] Received 365 data points
