[INFO] Started to fetch data for MATIC/BUSD with a resolution of 1h from exchange binance
[INFO] Started to fetch data for IMX/BUSD with a resolution of 1h from exchange binance
[INFO] Started to fetch data for LRC/BUSD with a resolution of 1h from exchange binance
[INFO] Started to fetch data for OMG/BUSD with a resolution of 1h from exchange binance
[INFO] Started to fetch data for ZRX/BUSD with a resolution of 1h from exchange binance
[INFO] Started to fetch data for CELR/BUSD with a resolution of 1h from exchange binance
[INFO] Started to fetch data for DYDX/BUSD with a resolution of 1h from exchange binance
[INFO] Started to fetch data for PERP/BUSD with a resolution of 1h from exchange binance
[INFO] Started to fetch data for GMX/BUSD with a resolution of 1h from exchange binance
[INFO] Started to fetch data for SNX/BUSD with a resolution of 1h from exchange binance
[INFO] Started to fetch data for CTSI/BUSD with a resolution of 1h from exchange binance
[INFO] Started to fetch data for BEAR/BUSD with a resolution of 1h from exchange binance
[INFO] Start fetching 365 data points from binance for LRC/BUSDand timestamp 1593561600000 (2020-07-01 00:00:00)
[INFO] Start fetching 365 data points from binance for DYDX/BUSDand timestamp 1593561600000 (2020-07-01 00:00:00)
[INFO] Start fetching 365 data points from binance for GMX/BUSDand timestamp 1593561600000 (2020-07-01 00:00:00)
[INFO] Start fetching 365 data points from binance for SNX/BUSDand timestamp 1593561600000 (2020-07-01 00:00:00)
[INFO] Start fetching 365 data points from binance for IMX/BUSDand timestamp 1593561600000 (2020-07-01 00:00:00)
[INFO] Start fetching 365 data points from binance for CELR/BUSDand timestamp 1593561600000 (2020-07-01 00:00:00)
[INFO] Start fetching 365 data points from binance for PERP/BUSDand timestamp 1593561600000 (2020-07-01 00:00:00)
[INFO] Start fetching 365 data points from binance for MATIC/BUSDand timestamp 1593561600000 (2020-07-01 00:00:00)
[INFO] Start fetching 365 data points from binance for ZRX/BUSDand timestamp 1593561600000 (2020-07-01 00:00:00)
[INFO] Start fetching 365 data points from binance for CTSI/BUSDand timestamp 1593561600000 (2020-07-01 00:00:00)
[INFO] Start fetching 365 data points from binance for BEAR/BUSDand timestamp 1593561600000 (2020-07-01 00:00:00)
[INFO] Start fetching 365 data points from binance for OMG/BUSDand timestamp 1593561600000 (2020-07-01 00:00:00)
[INFO] Received 365 data points
[INFO] Start fetching 365 data points from binance for LRC/BUSDand timestamp 1594875600000 (2020-07-16 05:00:00)
[INFO] Received 365 data points
[INFO] Start fetching 365 data points from binance for DYDX/BUSDand timestamp 1632466800000 (2021-09-24 07:00:00)
[INFO] Received 41 data points
[INFO] Received 365 data points
[INFO] Start fetching 365 data points from binance for SNX/BUSDand timestamp 1595610000000 (2020-07-24 17:00:00)
[INFO] Received 365 data points
[INFO] Start fetching 365 data points from binance for IMX/BUSDand timestamp 1643122800000 (2022-01-25 15:00:00)
[INFO] Received 365 data points
[INFO] Start fetching 365 data points from binance for CELR/BUSDand timestamp 1624287600000 (2021-06-21 15:00:00)
[INFO] Received 365 data points
[INFO] Start fetching 365 data points from binance for PERP/BUSDand timestamp 1617454800000 (2021-04-03 13:00:00)
[INFO] Received 365 data points
[INFO] Start fetching 365 data points from binance for MATIC/BUSDand timestamp 1594875600000 (2020-07-16 05:00:00)
[INFO] Received 365 data points
[INFO] Start fetching 365 data points from binance for ZRX/BUSDand timestamp 1597399200000 (2020-08-14 10:00:00)
[INFO] Received 365 data points
[INFO] Start fetching 365 data points from binance for CTSI/BUSDand timestamp 1594875600000 (2020-07-16 05:00:00)
[INFO] Received 0 data points
[INFO] Didn't receive any data for BEAR/BUSD_1h from binance.
[INFO] Received 365 data points
[INFO] Start fetching 365 data points from binance for OMG/BUSDand timestamp 1615399200000 (2021-03-10 18:00:00)
[INFO] Received 365 data points
[INFO] Start fetching 365 data points from binance for LRC/BUSDand timestamp 1596189600000 (2020-07-31 10:00:00)
[INFO] Received 365 data points
[INFO] Start fetching 365 data points from binance for DYDX/BUSDand timestamp 1633788000000 (2021-10-09 14:00:00)
[INFO] Received 365 data points
[INFO] Start fetching 365 data points from binance for SNX/BUSDand timestamp 1596924000000 (2020-08-08 22:00:00)
[INFO] Received 365 data points
[INFO] Start fetching 365 data points from binance for IMX/BUSDand timestamp 1644436800000 (2022-02-09 20:00:00)
[INFO] Received 365 data points
[INFO] Start fetching 365 data points from binance for CELR/BUSDand timestamp 1625601600000 (2021-07-06 20:00:00)
[INFO] Received 365 data points
[INFO] Start fetching 365 data points from binance for PERP/BUSDand timestamp 1618768800000 (2021-04-18 18:00:00)
[INFO] Received 365 data points
[INFO] Start fetching 365 data points from binance for MATIC/BUSDand timestamp 1596189600000 (2020-07-31 10:00:00)
[INFO] Received 365 data points
[INFO] Start fetching 365 data points from binance for ZRX/BUSDand timestamp 1598713200000 (2020-08-29 15:00:00)
[INFO] Received 365 data points
[INFO] Start fetching 365 data points from binance for CTSI/BUSDand timestamp 1596189600000 (2020-07-31 10:00:00)
[INFO] Received 365 data points
[INFO] Start fetching 365 data points from binance for OMG/BUSDand timestamp 1616713200000 (2021-03-25 23:00:00)
[INFO] Received 365 data points
[INFO] Start fetching 365 data points from binance for LRC/BUSDand timestamp 1597503600000 (2020-08-15 15:00:00)
[INFO] Received 365 data points
[INFO] Start fetching 365 data points from binance for DYDX/BUSDand timestamp 1635102000000 (2021-10-24 19:00:00)
[INFO] Received 365 data points
[INFO] Start fetching 365 data points from binance for SNX/BUSDand timestamp 1598238000000 (2020-08-24 03:00:00)
[INFO] Received 365 data points
[INFO] Start fetching 365 data points from binance for IMX/BUSDand timestamp 1645750800000 (2022-02-25 01:00:00)
[INFO] Received 365 data points
[INFO] Start fetching 365 data points from binance for CELR/BUSDand timestamp 1626915600000 (2021-07-22 01:00:00)
[INFO] Received 365 data points
[INFO] Start fetching 365 data points from binance for PERP/BUSDand timestamp 1620100800000 (2021-05-04 04:00:00)
[INFO] Received 365 data points
[INFO] Start fetching 365 data points from binance for MATIC/BUSDand timestamp 1597503600000 (2020-08-15 15:00:00)
[INFO] Received 365 data points
[INFO] Start fetching 365 data points from binance for ZRX/BUSDand timestamp 1600027200000 (2020-09-13 20:00:00)
[INFO] Received 365 data points
[INFO] Start fetching 365 data points from binance for CTSI/BUSDand timestamp 1597503600000 (2020-08-15 15:00:00)
[INFO] Received 365 data points
[INFO] Start fetching 365 data points from binance for OMG/BUSDand timestamp 1618027200000 (2021-04-10 04:00:00)
[INFO] Received 365 data points
[INFO] Start fetching 365 data points from binance for LRC/BUSDand timestamp 1598817600000 (2020-08-30 20:00:00)
[INFO] Received 365 data points
[INFO] Start fetching 365 data points from binance for DYDX/BUSDand timestamp 1636416000000 (2021-11-09 00:00:00)
[INFO] Received 365 data points
[INFO] Start fetching 365 data points from binance for SNX/BUSDand timestamp 1599552000000 (2020-09-08 08:00:00)
[INFO] Received 365 data points
[INFO] Start fetching 365 data points from binance for IMX/BUSDand timestamp 1647064800000 (2022-03-12 06:00:00)
[INFO] Received 365 data points
[INFO] Start fetching 365 data points from binance for CELR/BUSDand timestamp 1628229600000 (2021-08-06 06:00:00)
[INFO] Received 365 data points
[INFO] Start fetching 365 data points from binance for PERP/BUSDand timestamp 1621414800000 (2021-05-19 09:00:00)
[INFO] Received 365 data points
[INFO] Start fetching 365 data points from binance for MATIC/BUSDand timestamp 1598817600000 (2020-08-30 20:00:00)
[INFO] Received 365 data points
[INFO] Start fetching 365 data points from binance for ZRX/BUSDand timestamp 1601341200000 (2020-09-29 01:00:00)
[INFO] Received 365 data points
[INFO] Start fetching 365 data points from binance for CTSI/BUSDand timestamp 1598817600000 (2020-08-30 20:00:00)
[INFO] Received 365 data points
[INFO] Start fetching 365 data points from binance for OMG/BUSDand timestamp 1619359200000 (2021-04-25 14:00:00)
[INFO] Received 365 data points
[INFO] Start fetching 365 data points from binance for LRC/BUSDand timestamp 1600131600000 (2020-09-15 01:00:00)
[INFO] Received 365 data points
[INFO] Start fetching 365 data points from binance for DYDX/BUSDand timestamp 1637730000000 (2021-11-24 05:00:00)
[INFO] Received 365 data points
[INFO] Start fetching 365 data points from binance for SNX/BUSDand timestamp 1600866000000 (2020-09-23 13:00:00)
[INFO] Received 365 data points
[INFO] Start fetching 365 data points from binance for IMX/BUSDand timestamp 1648378800000 (2022-03-27 11:00:00)
[INFO] Received 365 data points
[INFO] Start fetching 365 data points from binance for CELR/BUSDand timestamp 1629558000000 (2021-08-21 15:00:00)
[INFO] Received 365 data points
[INFO] Start fetching 365 data points from binance for PERP/BUSDand timestamp 1622728800000 (2021-06-03 14:00:00)
[INFO] Received 365 data points
[INFO] Start fetching 365 data points from binance for MATIC/BUSDand timestamp 1600131600000 (2020-09-15 01:00:00)
[INFO] Received 365 data points
[INFO] Start fetching 365 data points from binance for ZRX/BUSDand timestamp 1602655200000 (2020-10-14 06:00:00)
[INFO] Received 365 data points
[INFO] Start fetching 365 data points from binance for CTSI/BUSDand timestamp 1600131600000 (2020-09-15 01:00:00)
[INFO] Received 365 data points
[INFO] Start fetching 365 data points from binance for OMG/BUSDand timestamp 1620673200000 (2021-05-10 19:00:00)
[INFO] Received 365 data points
[INFO] Start fetching 365 data points from binance for LRC/BUSDand timestamp 1601445600000 (2020-09-30 06:00:00)
[INFO] Received 365 data points
[INFO] Start fetching 365 data points from binance for SNX/BUSDand timestamp 1602180000000 (2020-10-08 18:00:00)
[INFO] Received 365 data points
[INFO] Start fetching 365 data points from binance for IMX/BUSDand timestamp 1649692800000 (2022-04-11 16:00:00)
[INFO] Received 365 data points
[INFO] Start fetching 365 data points from binance for DYDX/BUSDand timestamp 1639044000000 (2021-12-09 10:00:00)
[INFO] Received 365 data points
[INFO] Start fetching 365 data points from binance for CELR/BUSDand timestamp 1630872000000 (2021-09-05 20:00:00)
[INFO] Received 365 data points
[INFO] Start fetching 365 data points from binance for PERP/BUSDand timestamp 1624042800000 (2021-06-18 19:00:00)
[INFO] Received 365 data points
[INFO] Start fetching 365 data points from binance for MATIC/BUSDand timestamp 1601445600000 (2020-09-30 06:00:00)
[INFO] Received 365 data points
[INFO] Start fetching 365 data points from binance for ZRX/BUSDand timestamp 1603969200000 (2020-10-29 11:00:00)
[INFO] Received 365 data points
[INFO] Start fetching 365 data points from binance for CTSI/BUSDand timestamp 1601445600000 (2020-09-30 06:00:00)
[INFO] Received 365 data points
[INFO] Start fetching 365 data points from binance for OMG/BUSDand timestamp 1621987200000 (2021-05-26 00:00:00)
[INFO] Received 365 data points
[INFO] Start fetching 365 data points from binance for LRC/BUSDand timestamp 1602759600000 (2020-10-15 11:00:00)
[INFO] Received 365 data points
[INFO] Start fetching 365 data points from binance for SNX/BUSDand timestamp 1603494000000 (2020-10-23 23:00:00)
[INFO] Received 365 data points
[INFO] Start fetching 365 data points from binance for IMX/BUSDand timestamp 1651006800000 (2022-04-26 21:00:00)
[INFO] Received 365 data points
[INFO] Start fetching 365 data points from binance for DYDX/BUSDand timestamp 1640358000000 (2021-12-24 15:00:00)
[INFO] Received 365 data points
[INFO] Start fetching 365 data points from binance for CELR/BUSDand timestamp 1632186000000 (2021-09-21 01:00:00)
[INFO] Received 365 data points
[INFO] Start fetching 365 data points from binance for PERP/BUSDand timestamp 1625356800000 (2021-07-04 00:00:00)
[INFO] Received 365 data points
[INFO] Start fetching 365 data points from binance for MATIC/BUSDand timestamp 1602759600000 (2020-10-15 11:00:00)
[INFO] Received 365 data points
[INFO] Start fetching 365 data points from binance for ZRX/BUSDand timestamp 1605283200000 (2020-11-13 16:00:00)
[INFO] Received 365 data points
[INFO] Start fetching 365 data points from binance for CTSI/BUSDand timestamp 1602759600000 (2020-10-15 11:00:00)
[INFO] Received 365 data points
[INFO] Start fetching 365 data points from binance for OMG/BUSDand timestamp 1623301200000 (2021-06-10 05:00:00)
[INFO] Received 365 data points
[INFO] Start fetching 365 data points from binance for LRC/BUSDand timestamp 1604073600000 (2020-10-30 16:00:00)
[INFO] Received 365 data points
[INFO] Start fetching 365 data points from binance for SNX/BUSDand timestamp 1604808000000 (2020-11-08 04:00:00)
[INFO] Received 365 data points
[INFO] Start fetching 365 data points from binance for IMX/BUSDand timestamp 1652320800000 (2022-05-12 02:00:00)
[INFO] Received 365 data points
[INFO] Start fetching 365 data points from binance for DYDX/BUSDand timestamp 1641672000000 (2022-01-08 20:00:00)
[INFO] Received 365 data points
[INFO] Start fetching 365 data points from binance for CELR/BUSDand timestamp 1633507200000 (2021-10-06 08:00:00)
[INFO] Received 365 data points
[INFO] Start fetching 365 data points from binance for PERP/BUSDand timestamp 1626670800000 (2021-07-19 05:00:00)
[INFO] Received 365 data points
[INFO] Start fetching 365 data points from binance for MATIC/BUSDand timestamp 1604073600000 (2020-10-30 16:00:00)
[INFO] Received 365 data points
[INFO] Start fetching 365 data points from binance for ZRX/BUSDand timestamp 1606597200000 (2020-11-28 21:00:00)
[INFO] Received 365 data points
[INFO] Start fetching 365 data points from binance for CTSI/BUSDand timestamp 1604073600000 (2020-10-30 16:00:00)
[INFO] Received 365 data points
[INFO] Start fetching 365 data points from binance for OMG/BUSDand timestamp 1624615200000 (2021-06-25 10:00:00)
[INFO] Received 365 data points
[INFO] Start fetching 365 data points from binance for SNX/BUSDand timestamp 1606122000000 (2020-11-23 09:00:00)
[INFO] Received 365 data points
[INFO] Start fetching 365 data points from binance for LRC/BUSDand timestamp 1605387600000 (2020-11-14 21:00:00)
[INFO] Received 365 data points
[INFO] Start fetching 365 data points from binance for IMX/BUSDand timestamp 1653634800000 (2022-05-27 07:00:00)
[INFO] Received 365 data points
[INFO] Start fetching 365 data points from binance for DYDX/BUSDand timestamp 1642986000000 (2022-01-24 01:00:00)
[INFO] Received 365 data points
[INFO] Start fetching 365 data points from binance for CELR/BUSDand timestamp 1634821200000 (2021-10-21 13:00:00)
[INFO] Received 365 data points
[INFO] Start fetching 365 data points from binance for PERP/BUSDand timestamp 1627984800000 (2021-08-03 10:00:00)
[INFO] Received 365 data points
[INFO] Start fetching 365 data points from binance for MATIC/BUSDand timestamp 1605387600000 (2020-11-14 21:00:00)
[INFO] Received 365 data points
[INFO] Start fetching 365 data points from binance for ZRX/BUSDand timestamp 1607914800000 (2020-12-14 03:00:00)
[INFO] Received 365 data points
[INFO] Start fetching 365 data points from binance for CTSI/BUSDand timestamp 1605387600000 (2020-11-14 21:00:00)
[INFO] Received 365 data points
[INFO] Start fetching 365 data points from binance for OMG/BUSDand timestamp 1625929200000 (2021-07-10 15:00:00)
[INFO] Received 365 data points
[INFO] Start fetching 365 data points from binance for SNX/BUSDand timestamp 1607439600000 (2020-12-08 15:00:00)
[INFO] Received 365 data points
[INFO] Start fetching 365 data points from binance for LRC/BUSDand timestamp 1606701600000 (2020-11-30 02:00:00)
[INFO] Received 365 data points
[INFO] Start fetching 365 data points from binance for IMX/BUSDand timestamp 1654948800000 (2022-06-11 12:00:00)
[INFO] Received 365 data points
[INFO] Start fetching 365 data points from binance for DYDX/BUSDand timestamp 1644300000000 (2022-02-08 06:00:00)
[INFO] Received 365 data points
[INFO] Start fetching 365 data points from binance for PERP/BUSDand timestamp 1629313200000 (2021-08-18 19:00:00)
[INFO] Received 365 data points
[INFO] Start fetching 365 data points from binance for CELR/BUSDand timestamp 1636135200000 (2021-11-05 18:00:00)
[INFO] Received 365 data points
[INFO] Start fetching 365 data points from binance for MATIC/BUSDand timestamp 1606701600000 (2020-11-30 02:00:00)
[INFO] Received 365 data points
[INFO] Start fetching 365 data points from binance for ZRX/BUSDand timestamp 1609246800000 (2020-12-29 13:00:00)
[INFO] Received 365 data points
[INFO] Start fetching 365 data points from binance for CTSI/BUSDand timestamp 1606701600000 (2020-11-30 02:00:00)
[INFO] Received 365 data points
[INFO] Start fetching 365 data points from binance for OMG/BUSDand timestamp 1627243200000 (2021-07-25 20:00:00)
[INFO] Received 365 data points
[INFO] Start fetching 365 data points from binance for SNX/BUSDand timestamp 1608768000000 (2020-12-24 00:00:00)
[INFO] Received 365 data points
[INFO] Start fetching 365 data points from binance for LRC/BUSDand timestamp 1608019200000 (2020-12-15 08:00:00)
[INFO] Received 365 data points
[INFO] Start fetching 365 data points from binance for IMX/BUSDand timestamp 1656262800000 (2022-06-26 17:00:00)
[INFO] Received 365 data points
[INFO] Start fetching 365 data points from binance for DYDX/BUSDand timestamp 1645614000000 (2022-02-23 11:00:00)
[INFO] Received 365 data points
[INFO] Start fetching 365 data points from binance for PERP/BUSDand timestamp 1630627200000 (2021-09-03 00:00:00)
[INFO] Received 365 data points
[INFO] Start fetching 365 data points from binance for CELR/BUSDand timestamp 1637449200000 (2021-11-20 23:00:00)
[INFO] Received 365 data points
[INFO] Start fetching 365 data points from binance for MATIC/BUSDand timestamp 1608019200000 (2020-12-15 08:00:00)
[INFO] Received 365 data points
[INFO] Start fetching 365 data points from binance for ZRX/BUSDand timestamp 1610560800000 (2021-01-13 18:00:00)
[INFO] Received 365 data points
[INFO] Start fetching 365 data points from binance for OMG/BUSDand timestamp 1628557200000 (2021-08-10 01:00:00)
[INFO] Received 365 data points
[INFO] Start fetching 365 data points from binance for SNX/BUSDand timestamp 1610085600000 (2021-01-08 06:00:00)
[INFO] Received 365 data points
[INFO] Start fetching 365 data points from binance for CTSI/BUSDand timestamp 1608019200000 (2020-12-15 08:00:00)
[INFO] Received 365 data points
[INFO] Start fetching 365 data points from binance for LRC/BUSDand timestamp 1609351200000 (2020-12-30 18:00:00)
[INFO] Received 365 data points
[INFO] Received 365 data points
[INFO] Start fetching 365 data points from binance for DYDX/BUSDand timestamp 1646928000000 (2022-03-10 16:00:00)
[INFO] Received 365 data points
[INFO] Start fetching 365 data points from binance for PERP/BUSDand timestamp 1631941200000 (2021-09-18 05:00:00)
[INFO] Received 365 data points
[INFO] Start fetching 365 data points from binance for CELR/BUSDand timestamp 1638763200000 (2021-12-06 04:00:00)
[INFO] Received 365 data points
[INFO] Start fetching 365 data points from binance for MATIC/BUSDand timestamp 1609351200000 (2020-12-30 18:00:00)
[INFO] Received 365 data points
[INFO] Start fetching 365 data points from binance for ZRX/BUSDand timestamp 1611874800000 (2021-01-28 23:00:00)
[INFO] Received 365 data points
[INFO] Start fetching 365 data points from binance for OMG/BUSDand timestamp 1629885600000 (2021-08-25 10:00:00)
[INFO] Received 365 data points
[INFO] Start fetching 365 data points from binance for SNX/BUSDand timestamp 1611399600000 (2021-01-23 11:00:00)
[INFO] Received 365 data points
[INFO] Start fetching 365 data points from binance for CTSI/BUSDand timestamp 1609351200000 (2020-12-30 18:00:00)
[INFO] Received 365 data points
[INFO] Start fetching 365 data points from binance for LRC/BUSDand timestamp 1610665200000 (2021-01-14 23:00:00)
[INFO] Received 365 data points
[INFO] Start fetching 365 data points from binance for DYDX/BUSDand timestamp 1648242000000 (2022-03-25 21:00:00)
[INFO] Received 365 data points
[INFO] Start fetching 365 data points from binance for PERP/BUSDand timestamp 1633262400000 (2021-10-03 12:00:00)
[INFO] Received 365 data points
[INFO] Start fetching 365 data points from binance for CELR/BUSDand timestamp 1640077200000 (2021-12-21 09:00:00)
[INFO] Received 365 data points
[INFO] Start fetching 365 data points from binance for MATIC/BUSDand timestamp 1610665200000 (2021-01-14 23:00:00)
[INFO] Received 365 data points
[INFO] Start fetching 365 data points from binance for ZRX/BUSDand timestamp 1613192400000 (2021-02-13 05:00:00)
[INFO] Received 365 data points
[INFO] Start fetching 365 data points from binance for OMG/BUSDand timestamp 1631199600000 (2021-09-09 15:00:00)
[INFO] Received 365 data points
[INFO] Start fetching 365 data points from binance for SNX/BUSDand timestamp 1612713600000 (2021-02-07 16:00:00)
[INFO] Received 365 data points
[INFO] Start fetching 365 data points from binance for CTSI/BUSDand timestamp 1610665200000 (2021-01-14 23:00:00)
[INFO] Received 365 data points
[INFO] Start fetching 365 data points from binance for LRC/BUSDand timestamp 1611979200000 (2021-01-30 04:00:00)
[INFO] Received 365 data points
[INFO] Start fetching 365 data points from binance for DYDX/BUSDand timestamp 1649556000000 (2022-04-10 02:00:00)
[INFO] Received 365 data points
[INFO] Start fetching 365 data points from binance for CELR/BUSDand timestamp 1641391200000 (2022-01-05 14:00:00)
[INFO] Received 365 data points
[INFO] Start fetching 365 data points from binance for PERP/BUSDand timestamp 1634576400000 (2021-10-18 17:00:00)
[INFO] Received 365 data points
[INFO] Start fetching 365 data points from binance for MATIC/BUSDand timestamp 1611979200000 (2021-01-30 04:00:00)
[INFO] Received 365 data points
[INFO] Start fetching 365 data points from binance for ZRX/BUSDand timestamp 1614506400000 (2021-02-28 10:00:00)
[INFO] Received 365 data points
[INFO] Start fetching 365 data points from binance for OMG/BUSDand timestamp 1632513600000 (2021-09-24 20:00:00)
[INFO] Received 365 data points
[INFO] Start fetching 365 data points from binance for SNX/BUSDand timestamp 1614031200000 (2021-02-22 22:00:00)
[INFO] Received 365 data points
[INFO] Start fetching 365 data points from binance for CTSI/BUSDand timestamp 1611979200000 (2021-01-30 04:00:00)
[INFO] Received 365 data points
[INFO] Start fetching 365 data points from binance for LRC/BUSDand timestamp 1613296800000 (2021-02-14 10:00:00)
[INFO] Received 365 data points
[INFO] Start fetching 365 data points from binance for DYDX/BUSDand timestamp 1650870000000 (2022-04-25 07:00:00)
[INFO] Received 365 data points
[INFO] Start fetching 365 data points from binance for CELR/BUSDand timestamp 1642705200000 (2022-01-20 19:00:00)
[INFO] Received 365 data points
[INFO] Start fetching 365 data points from binance for PERP/BUSDand timestamp 1635890400000 (2021-11-02 22:00:00)
[INFO] Received 365 data points
[INFO] Start fetching 365 data points from binance for MATIC/BUSDand timestamp 1613296800000 (2021-02-14 10:00:00)
[INFO] Received 365 data points
[INFO] Start fetching 365 data points from binance for ZRX/BUSDand timestamp 1615824000000 (2021-03-15 16:00:00)
[INFO] Received 365 data points
[INFO] Start fetching 365 data points from binance for OMG/BUSDand timestamp 1633834800000 (2021-10-10 03:00:00)
[INFO] Received 365 data points
[INFO] Start fetching 365 data points from binance for SNX/BUSDand timestamp 1615348800000 (2021-03-10 04:00:00)
[INFO] Received 365 data points
[INFO] Start fetching 365 data points from binance for CTSI/BUSDand timestamp 1613296800000 (2021-02-14 10:00:00)
[INFO] Received 365 data points
[INFO] Start fetching 365 data points from binance for LRC/BUSDand timestamp 1614610800000 (2021-03-01 15:00:00)
[INFO] Received 365 data points
[INFO] Start fetching 365 data points from binance for DYDX/BUSDand timestamp 1652184000000 (2022-05-10 12:00:00)
[INFO] Received 365 data points
[INFO] Start fetching 365 data points from binance for CELR/BUSDand timestamp 1644019200000 (2022-02-05 00:00:00)
[INFO] Received 365 data points
[INFO] Start fetching 365 data points from binance for PERP/BUSDand timestamp 1637204400000 (2021-11-18 03:00:00)
[INFO] Received 365 data points
[INFO] Start fetching 365 data points from binance for MATIC/BUSDand timestamp 1614610800000 (2021-03-01 15:00:00)
[INFO] Received 365 data points
[INFO] Start fetching 365 data points from binance for ZRX/BUSDand timestamp 1617138000000 (2021-03-30 21:00:00)
[INFO] Received 365 data points
[INFO] Start fetching 365 data points from binance for OMG/BUSDand timestamp 1635148800000 (2021-10-25 08:00:00)
[INFO] Received 365 data points
[INFO] Start fetching 365 data points from binance for SNX/BUSDand timestamp 1616662800000 (2021-03-25 09:00:00)
[INFO] Received 365 data points
[INFO] Start fetching 365 data points from binance for CTSI/BUSDand timestamp 1614610800000 (2021-03-01 15:00:00)
[INFO] Received 365 data points
[INFO] Start fetching 365 data points from binance for LRC/BUSDand timestamp 1615928400000 (2021-03-16 21:00:00)
[INFO] Received 365 data points
[INFO] Start fetching 365 data points from binance for DYDX/BUSDand timestamp 1653498000000 (2022-05-25 17:00:00)
[INFO] Received 365 data points
[INFO] Start fetching 365 data points from binance for PERP/BUSDand timestamp 1638518400000 (2021-12-03 08:00:00)
[INFO] Received 365 data points
[INFO] Start fetching 365 data points from binance for MATIC/BUSDand timestamp 1615928400000 (2021-03-16 21:00:00)
[INFO] Received 365 data points
[INFO] Start fetching 365 data points from binance for CELR/BUSDand timestamp 1645333200000 (2022-02-20 05:00:00)
[INFO] Received 365 data points
[INFO] Start fetching 365 data points from binance for ZRX/BUSDand timestamp 1618452000000 (2021-04-15 02:00:00)
[INFO] Received 365 data points
[INFO] Start fetching 365 data points from binance for OMG/BUSDand timestamp 1636462800000 (2021-11-09 13:00:00)
[INFO] Received 365 data points
[INFO] Start fetching 365 data points from binance for SNX/BUSDand timestamp 1617976800000 (2021-04-09 14:00:00)
[INFO] Received 365 data points
[INFO] Start fetching 365 data points from binance for CTSI/BUSDand timestamp 1615928400000 (2021-03-16 21:00:00)
[INFO] Received 365 data points
[INFO] Start fetching 365 data points from binance for LRC/BUSDand timestamp 1617242400000 (2021-04-01 02:00:00)
[INFO] Received 365 data points
[INFO] Start fetching 365 data points from binance for DYDX/BUSDand timestamp 1654812000000 (2022-06-09 22:00:00)
[INFO] Received 365 data points
[INFO] Start fetching 365 data points from binance for PERP/BUSDand timestamp 1639832400000 (2021-12-18 13:00:00)
[INFO] Received 365 data points
[INFO] Start fetching 365 data points from binance for MATIC/BUSDand timestamp 1617242400000 (2021-04-01 02:00:00)
[INFO] Received 365 data points
[INFO] Start fetching 365 data points from binance for CELR/BUSDand timestamp 1646647200000 (2022-03-07 10:00:00)
[INFO] Received 365 data points
[INFO] Start fetching 365 data points from binance for ZRX/BUSDand timestamp 1619784000000 (2021-04-30 12:00:00)
[INFO] Received 365 data points
[INFO] Start fetching 365 data points from binance for OMG/BUSDand timestamp 1637776800000 (2021-11-24 18:00:00)
[INFO] Received 365 data points
[INFO] Start fetching 365 data points from binance for SNX/BUSDand timestamp 1619298000000 (2021-04-24 21:00:00)
[INFO] Received 365 data points
[INFO] Start fetching 365 data points from binance for CTSI/BUSDand timestamp 1617242400000 (2021-04-01 02:00:00)
[INFO] Received 365 data points
[INFO] Start fetching 365 data points from binance for LRC/BUSDand timestamp 1618556400000 (2021-04-16 07:00:00)
[INFO] Received 365 data points
[INFO] Start fetching 365 data points from binance for DYDX/BUSDand timestamp 1656126000000 (2022-06-25 03:00:00)
[INFO] Received 365 data points
[INFO] Start fetching 365 data points from binance for PERP/BUSDand timestamp 1641146400000 (2022-01-02 18:00:00)
[INFO] Received 365 data points
[INFO] Start fetching 365 data points from binance for MATIC/BUSDand timestamp 1618556400000 (2021-04-16 07:00:00)
[INFO] Received 365 data points
[INFO] Start fetching 365 data points from binance for CELR/BUSDand timestamp 1647961200000 (2022-03-22 15:00:00)
[INFO] Received 365 data points
[INFO] Start fetching 365 data points from binance for ZRX/BUSDand timestamp 1621098000000 (2021-05-15 17:00:00)
[INFO] Received 365 data points
[INFO] Start fetching 365 data points from binance for OMG/BUSDand timestamp 1639090800000 (2021-12-09 23:00:00)
[INFO] Received 365 data points
[INFO] Start fetching 365 data points from binance for SNX/BUSDand timestamp 1620622800000 (2021-05-10 05:00:00)
[INFO] Received 365 data points
[INFO] Start fetching 365 data points from binance for CTSI/BUSDand timestamp 1618556400000 (2021-04-16 07:00:00)
[INFO] Received 365 data points
[INFO] Start fetching 365 data points from binance for LRC/BUSDand timestamp 1619888400000 (2021-05-01 17:00:00)
[INFO] Received 365 data points
[INFO] Received 365 data points
[INFO] Start fetching 365 data points from binance for PERP/BUSDand timestamp 1642460400000 (2022-01-17 23:00:00)
[INFO] Received 365 data points
[INFO] Start fetching 365 data points from binance for MATIC/BUSDand timestamp 1619888400000 (2021-05-01 17:00:00)
[INFO] Received 365 data points
[INFO] Start fetching 365 data points from binance for CELR/BUSDand timestamp 1649275200000 (2022-04-06 20:00:00)
[INFO] Received 365 data points
[INFO] Start fetching 365 data points from binance for ZRX/BUSDand timestamp 1622412000000 (2021-05-30 22:00:00)
[INFO] Received 365 data points
[INFO] Start fetching 365 data points from binance for OMG/BUSDand timestamp 1640404800000 (2021-12-25 04:00:00)
[INFO] Received 365 data points
[INFO] Start fetching 365 data points from binance for SNX/BUSDand timestamp 1621936800000 (2021-05-25 10:00:00)
[INFO] Received 365 data points
[INFO] Start fetching 365 data points from binance for CTSI/BUSDand timestamp 1619888400000 (2021-05-01 17:00:00)
[INFO] Received 365 data points
[INFO] Start fetching 365 data points from binance for LRC/BUSDand timestamp 1621202400000 (2021-05-16 22:00:00)
[INFO] Received 365 data points
[INFO] Start fetching 365 data points from binance for PERP/BUSDand timestamp 1643774400000 (2022-02-02 04:00:00)
[INFO] Received 365 data points
[INFO] Start fetching 365 data points from binance for MATIC/BUSDand timestamp 1621202400000 (2021-05-16 22:00:00)
[INFO] Received 365 data points
[INFO] Start fetching 365 data points from binance for CELR/BUSDand timestamp 1650589200000 (2022-04-22 01:00:00)
[INFO] Received 365 data points
[INFO] Start fetching 365 data points from binance for ZRX/BUSDand timestamp 1623726000000 (2021-06-15 03:00:00)
[INFO] Received 365 data points
[INFO] Start fetching 365 data points from binance for OMG/BUSDand timestamp 1641718800000 (2022-01-09 09:00:00)
[INFO] Received 365 data points
[INFO] Start fetching 365 data points from binance for SNX/BUSDand timestamp 1623250800000 (2021-06-09 15:00:00)
[INFO] Received 365 data points
[INFO] Start fetching 365 data points from binance for CTSI/BUSDand timestamp 1621202400000 (2021-05-16 22:00:00)
[INFO] Received 365 data points
[INFO] Start fetching 365 data points from binance for LRC/BUSDand timestamp 1622516400000 (2021-06-01 03:00:00)
[INFO] Received 365 data points
[INFO] Start fetching 365 data points from binance for PERP/BUSDand timestamp 1645088400000 (2022-02-17 09:00:00)
[INFO] Received 365 data points
[INFO] Start fetching 365 data points from binance for MATIC/BUSDand timestamp 1622516400000 (2021-06-01 03:00:00)
[INFO] Received 365 data points
[INFO] Start fetching 365 data points from binance for CELR/BUSDand timestamp 1651903200000 (2022-05-07 06:00:00)
[INFO] Received 365 data points
[INFO] Start fetching 365 data points from binance for ZRX/BUSDand timestamp 1625040000000 (2021-06-30 08:00:00)
[INFO] Received 365 data points
[INFO] Start fetching 365 data points from binance for OMG/BUSDand timestamp 1643032800000 (2022-01-24 14:00:00)
[INFO] Received 365 data points
[INFO] Start fetching 365 data points from binance for SNX/BUSDand timestamp 1624564800000 (2021-06-24 20:00:00)
[INFO] Received 365 data points
[INFO] Start fetching 365 data points from binance for CTSI/BUSDand timestamp 1622516400000 (2021-06-01 03:00:00)
[INFO] Received 365 data points
[INFO] Start fetching 365 data points from binance for LRC/BUSDand timestamp 1623830400000 (2021-06-16 08:00:00)
[INFO] Received 365 data points
[INFO] Start fetching 365 data points from binance for PERP/BUSDand timestamp 1646402400000 (2022-03-04 14:00:00)
[INFO] Received 365 data points
[INFO] Start fetching 365 data points from binance for MATIC/BUSDand timestamp 1623830400000 (2021-06-16 08:00:00)
[INFO] Received 365 data points
[INFO] Start fetching 365 data points from binance for CELR/BUSDand timestamp 1653217200000 (2022-05-22 11:00:00)
[INFO] Received 365 data points
[INFO] Start fetching 365 data points from binance for ZRX/BUSDand timestamp 1626354000000 (2021-07-15 13:00:00)
[INFO] Received 365 data points
[INFO] Start fetching 365 data points from binance for OMG/BUSDand timestamp 1644346800000 (2022-02-08 19:00:00)
[INFO] Received 365 data points
[INFO] Start fetching 365 data points from binance for SNX/BUSDand timestamp 1625878800000 (2021-07-10 01:00:00)
[INFO] Received 365 data points
[INFO] Start fetching 365 data points from binance for CTSI/BUSDand timestamp 1623830400000 (2021-06-16 08:00:00)
[INFO] Received 365 data points
[INFO] Start fetching 365 data points from binance for LRC/BUSDand timestamp 1625144400000 (2021-07-01 13:00:00)
[INFO] Received 365 data points
[INFO] Start fetching 365 data points from binance for PERP/BUSDand timestamp 1647716400000 (2022-03-19 19:00:00)
[INFO] Received 365 data points
[INFO] Start fetching 365 data points from binance for MATIC/BUSDand timestamp 1625144400000 (2021-07-01 13:00:00)
[INFO] Received 365 data points
[INFO] Start fetching 365 data points from binance for CELR/BUSDand timestamp 1654531200000 (2022-06-06 16:00:00)
[INFO] Received 365 data points
[INFO] Start fetching 365 data points from binance for ZRX/BUSDand timestamp 1627668000000 (2021-07-30 18:00:00)
[INFO] Received 365 data points
[INFO] Start fetching 365 data points from binance for OMG/BUSDand timestamp 1645660800000 (2022-02-24 00:00:00)
[INFO] Received 365 data points
[INFO] Start fetching 365 data points from binance for SNX/BUSDand timestamp 1627192800000 (2021-07-25 06:00:00)
[INFO] Received 365 data points
[INFO] Start fetching 365 data points from binance for CTSI/BUSDand timestamp 1625144400000 (2021-07-01 13:00:00)
[INFO] Received 365 data points
[INFO] Start fetching 365 data points from binance for LRC/BUSDand timestamp 1626458400000 (2021-07-16 18:00:00)
[INFO] Received 365 data points
[INFO] Start fetching 365 data points from binance for MATIC/BUSDand timestamp 1626458400000 (2021-07-16 18:00:00)
[INFO] Received 365 data points
[INFO] Start fetching 365 data points from binance for PERP/BUSDand timestamp 1649030400000 (2022-04-04 00:00:00)
[INFO] Received 365 data points
[INFO] Start fetching 365 data points from binance for CELR/BUSDand timestamp 1655845200000 (2022-06-21 21:00:00)
[INFO] Received 365 data points
[INFO] Start fetching 365 data points from binance for ZRX/BUSDand timestamp 1628996400000 (2021-08-15 03:00:00)
[INFO] Received 365 data points
[INFO] Start fetching 365 data points from binance for OMG/BUSDand timestamp 1646974800000 (2022-03-11 05:00:00)
[INFO] Received 365 data points
[INFO] Start fetching 365 data points from binance for SNX/BUSDand timestamp 1628506800000 (2021-08-09 11:00:00)
[INFO] Received 365 data points
[INFO] Start fetching 365 data points from binance for CTSI/BUSDand timestamp 1626458400000 (2021-07-16 18:00:00)
[INFO] Received 365 data points
[INFO] Start fetching 365 data points from binance for LRC/BUSDand timestamp 1627772400000 (2021-07-31 23:00:00)
[INFO] Received 365 data points
[INFO] Start fetching 365 data points from binance for MATIC/BUSDand timestamp 1627772400000 (2021-07-31 23:00:00)
[INFO] Received 365 data points
[INFO] Start fetching 365 data points from binance for PERP/BUSDand timestamp 1650344400000 (2022-04-19 05:00:00)
[INFO] Received 365 data points
[INFO] Received 365 data points
[INFO] Start fetching 365 data points from binance for ZRX/BUSDand timestamp 1630310400000 (2021-08-30 08:00:00)
[INFO] Received 365 data points
[INFO] Start fetching 365 data points from binance for OMG/BUSDand timestamp 1648288800000 (2022-03-26 10:00:00)
[INFO] Received 365 data points
[INFO] Start fetching 365 data points from binance for SNX/BUSDand timestamp 1629835200000 (2021-08-24 20:00:00)
[INFO] Received 365 data points
[INFO] Start fetching 365 data points from binance for CTSI/BUSDand timestamp 1627772400000 (2021-07-31 23:00:00)
[INFO] Received 365 data points
[INFO] Start fetching 365 data points from binance for LRC/BUSDand timestamp 1629100800000 (2021-08-16 08:00:00)
[INFO] Received 365 data points
[INFO] Start fetching 365 data points from binance for MATIC/BUSDand timestamp 1629100800000 (2021-08-16 08:00:00)
[INFO] Received 365 data points
[INFO] Start fetching 365 data points from binance for PERP/BUSDand timestamp 1651658400000 (2022-05-04 10:00:00)
[INFO] Received 365 data points
[INFO] Start fetching 365 data points from binance for ZRX/BUSDand timestamp 1631624400000 (2021-09-14 13:00:00)
[INFO] Received 365 data points
[INFO] Start fetching 365 data points from binance for OMG/BUSDand timestamp 1649602800000 (2022-04-10 15:00:00)
[INFO] Received 365 data points
[INFO] Start fetching 365 data points from binance for SNX/BUSDand timestamp 1631149200000 (2021-09-09 01:00:00)
[INFO] Received 365 data points
[INFO] Start fetching 365 data points from binance for CTSI/BUSDand timestamp 1629100800000 (2021-08-16 08:00:00)
[INFO] Received 365 data points
[INFO] Start fetching 365 data points from binance for LRC/BUSDand timestamp 1630414800000 (2021-08-31 13:00:00)
[INFO] Received 365 data points
[INFO] Start fetching 365 data points from binance for MATIC/BUSDand timestamp 1630414800000 (2021-08-31 13:00:00)
[INFO] Received 365 data points
[INFO] Start fetching 365 data points from binance for PERP/BUSDand timestamp 1652972400000 (2022-05-19 15:00:00)
[INFO] Received 365 data points
[INFO] Start fetching 365 data points from binance for ZRX/BUSDand timestamp 1632945600000 (2021-09-29 20:00:00)
[INFO] Received 365 data points
[INFO] Start fetching 365 data points from binance for OMG/BUSDand timestamp 1650916800000 (2022-04-25 20:00:00)
[INFO] Received 365 data points
[INFO] Start fetching 365 data points from binance for SNX/BUSDand timestamp 1632463200000 (2021-09-24 06:00:00)
[INFO] Received 365 data points
[INFO] Start fetching 365 data points from binance for CTSI/BUSDand timestamp 1630414800000 (2021-08-31 13:00:00)
[INFO] Received 365 data points
[INFO] Start fetching 365 data points from binance for MATIC/BUSDand timestamp 1631728800000 (2021-09-15 18:00:00)
[INFO] Received 365 data points
[INFO] Start fetching 365 data points from binance for LRC/BUSDand timestamp 1631728800000 (2021-09-15 18:00:00)
[INFO] Received 365 data points
[INFO] Start fetching 365 data points from binance for PERP/BUSDand timestamp 1654286400000 (2022-06-03 20:00:00)
[INFO] Received 365 data points
[INFO] Start fetching 365 data points from binance for ZRX/BUSDand timestamp 1634259600000 (2021-10-15 01:00:00)
[INFO] Received 365 data points
[INFO] Start fetching 365 data points from binance for OMG/BUSDand timestamp 1652230800000 (2022-05-11 01:00:00)
[INFO] Received 365 data points
[INFO] Start fetching 365 data points from binance for SNX/BUSDand timestamp 1633784400000 (2021-10-09 13:00:00)
[INFO] Received 365 data points
[INFO] Start fetching 365 data points from binance for CTSI/BUSDand timestamp 1631728800000 (2021-09-15 18:00:00)
[INFO] Received 365 data points
[INFO] Start fetching 365 data points from binance for MATIC/BUSDand timestamp 1633050000000 (2021-10-01 01:00:00)
[INFO] Received 365 data points
[INFO] Start fetching 365 data points from binance for LRC/BUSDand timestamp 1633050000000 (2021-10-01 01:00:00)
[INFO] Received 365 data points
[INFO] Start fetching 365 data points from binance for PERP/BUSDand timestamp 1655600400000 (2022-06-19 01:00:00)
[INFO] Received 365 data points
[INFO] Start fetching 365 data points from binance for ZRX/BUSDand timestamp 1635573600000 (2021-10-30 06:00:00)
[INFO] Received 365 data points
[INFO] Start fetching 365 data points from binance for OMG/BUSDand timestamp 1653544800000 (2022-05-26 06:00:00)
[INFO] Received 365 data points
[INFO] Start fetching 365 data points from binance for SNX/BUSDand timestamp 1635098400000 (2021-10-24 18:00:00)
[INFO] Received 365 data points
[INFO] Start fetching 365 data points from binance for CTSI/BUSDand timestamp 1633050000000 (2021-10-01 01:00:00)
[INFO] Received 365 data points
[INFO] Start fetching 365 data points from binance for MATIC/BUSDand timestamp 1634364000000 (2021-10-16 06:00:00)
[INFO] Received 365 data points
[INFO] Start fetching 365 data points from binance for LRC/BUSDand timestamp 1634364000000 (2021-10-16 06:00:00)
[INFO] Received 365 data points
[INFO] Received 365 data points
[INFO] Start fetching 365 data points from binance for ZRX/BUSDand timestamp 1636887600000 (2021-11-14 11:00:00)
[INFO] Received 365 data points
[INFO] Start fetching 365 data points from binance for OMG/BUSDand timestamp 1654858800000 (2022-06-10 11:00:00)
[INFO] Received 365 data points
[INFO] Start fetching 365 data points from binance for SNX/BUSDand timestamp 1636412400000 (2021-11-08 23:00:00)
[INFO] Received 365 data points
[INFO] Start fetching 365 data points from binance for CTSI/BUSDand timestamp 1634364000000 (2021-10-16 06:00:00)
[INFO] Received 365 data points
[INFO] Start fetching 365 data points from binance for MATIC/BUSDand timestamp 1635678000000 (2021-10-31 11:00:00)
[INFO] Received 365 data points
[INFO] Start fetching 365 data points from binance for LRC/BUSDand timestamp 1635678000000 (2021-10-31 11:00:00)
[INFO] Received 365 data points
[INFO] Start fetching 365 data points from binance for ZRX/BUSDand timestamp 1638201600000 (2021-11-29 16:00:00)
[INFO] Received 365 data points
[INFO] Start fetching 365 data points from binance for OMG/BUSDand timestamp 1656172800000 (2022-06-25 16:00:00)
[INFO] Received 365 data points
[INFO] Start fetching 365 data points from binance for SNX/BUSDand timestamp 1637726400000 (2021-11-24 04:00:00)
[INFO] Received 365 data points
[INFO] Start fetching 365 data points from binance for CTSI/BUSDand timestamp 1635678000000 (2021-10-31 11:00:00)
[INFO] Received 365 data points
[INFO] Start fetching 365 data points from binance for MATIC/BUSDand timestamp 1636992000000 (2021-11-15 16:00:00)
[INFO] Received 365 data points
[INFO] Start fetching 365 data points from binance for LRC/BUSDand timestamp 1636992000000 (2021-11-15 16:00:00)
[INFO] Received 365 data points
[INFO] Start fetching 365 data points from binance for ZRX/BUSDand timestamp 1639515600000 (2021-12-14 21:00:00)
[INFO] Received 365 data points
[INFO] Received 365 data points
[INFO] Start fetching 365 data points from binance for SNX/BUSDand timestamp 1639040400000 (2021-12-09 09:00:00)
[INFO] Received 365 data points
[INFO] Start fetching 365 data points from binance for CTSI/BUSDand timestamp 1636992000000 (2021-11-15 16:00:00)
[INFO] Received 365 data points
[INFO] Start fetching 365 data points from binance for MATIC/BUSDand timestamp 1638306000000 (2021-11-30 21:00:00)
[INFO] Received 365 data points
[INFO] Start fetching 365 data points from binance for LRC/BUSDand timestamp 1638306000000 (2021-11-30 21:00:00)
[INFO] Received 365 data points
[INFO] Start fetching 365 data points from binance for ZRX/BUSDand timestamp 1640829600000 (2021-12-30 02:00:00)
[INFO] Received 365 data points
[INFO] Start fetching 365 data points from binance for SNX/BUSDand timestamp 1640354400000 (2021-12-24 14:00:00)
[INFO] Received 365 data points
[INFO] Start fetching 365 data points from binance for CTSI/BUSDand timestamp 1638306000000 (2021-11-30 21:00:00)
[INFO] Received 365 data points
[INFO] Start fetching 365 data points from binance for MATIC/BUSDand timestamp 1639620000000 (2021-12-16 02:00:00)
[INFO] Received 365 data points
[INFO] Start fetching 365 data points from binance for LRC/BUSDand timestamp 1639620000000 (2021-12-16 02:00:00)
[INFO] Received 365 data points
[INFO] Start fetching 365 data points from binance for ZRX/BUSDand timestamp 1642143600000 (2022-01-14 07:00:00)
[INFO] Received 365 data points
[INFO] Start fetching 365 data points from binance for SNX/BUSDand timestamp 1641668400000 (2022-01-08 19:00:00)
[INFO] Received 365 data points
[INFO] Start fetching 365 data points from binance for CTSI/BUSDand timestamp 1639620000000 (2021-12-16 02:00:00)
[INFO] Received 365 data points
[INFO] Start fetching 365 data points from binance for MATIC/BUSDand timestamp 1640934000000 (2021-12-31 07:00:00)
[INFO] Received 365 data points
[INFO] Start fetching 365 data points from binance for LRC/BUSDand timestamp 1640934000000 (2021-12-31 07:00:00)
[INFO] Received 365 data points
[INFO] Start fetching 365 data points from binance for ZRX/BUSDand timestamp 1643457600000 (2022-01-29 12:00:00)
[INFO] Received 365 data points
[INFO] Start fetching 365 data points from binance for SNX/BUSDand timestamp 1642982400000 (2022-01-24 00:00:00)
[INFO] Received 365 data points
[INFO] Start fetching 365 data points from binance for CTSI/BUSDand timestamp 1640934000000 (2021-12-31 07:00:00)
[INFO] Received 365 data points
[INFO] Start fetching 365 data points from binance for MATIC/BUSDand timestamp 1642248000000 (2022-01-15 12:00:00)
[INFO] Received 365 data points
[INFO] Start fetching 365 data points from binance for LRC/BUSDand timestamp 1642248000000 (2022-01-15 12:00:00)
[INFO] Received 365 data points
[INFO] Start fetching 365 data points from binance for ZRX/BUSDand timestamp 1644771600000 (2022-02-13 17:00:00)
[INFO] Received 365 data points
[INFO] Start fetching 365 data points from binance for SNX/BUSDand timestamp 1644296400000 (2022-02-08 05:00:00)
[INFO] Received 365 data points
[INFO] Start fetching 365 data points from binance for CTSI/BUSDand timestamp 1642248000000 (2022-01-15 12:00:00)
[INFO] Received 365 data points
[INFO] Start fetching 365 data points from binance for MATIC/BUSDand timestamp 1643562000000 (2022-01-30 17:00:00)
[INFO] Received 365 data points
[INFO] Start fetching 365 data points from binance for LRC/BUSDand timestamp 1643562000000 (2022-01-30 17:00:00)
[INFO] Received 365 data points
[INFO] Start fetching 365 data points from binance for ZRX/BUSDand timestamp 1646085600000 (2022-02-28 22:00:00)
[INFO] Received 365 data points
[INFO] Start fetching 365 data points from binance for SNX/BUSDand timestamp 1645610400000 (2022-02-23 10:00:00)
[INFO] Received 365 data points
[INFO] Start fetching 365 data points from binance for CTSI/BUSDand timestamp 1643562000000 (2022-01-30 17:00:00)
[INFO] Received 365 data points
[INFO] Start fetching 365 data points from binance for MATIC/BUSDand timestamp 1644876000000 (2022-02-14 22:00:00)
[INFO] Received 365 data points
[INFO] Start fetching 365 data points from binance for LRC/BUSDand timestamp 1644876000000 (2022-02-14 22:00:00)
[INFO] Received 365 data points
[INFO] Start fetching 365 data points from binance for ZRX/BUSDand timestamp 1647399600000 (2022-03-16 03:00:00)
[INFO] Received 365 data points
[INFO] Start fetching 365 data points from binance for SNX/BUSDand timestamp 1646924400000 (2022-03-10 15:00:00)
[INFO] Received 365 data points
[INFO] Start fetching 365 data points from binance for CTSI/BUSDand timestamp 1644876000000 (2022-02-14 22:00:00)
[INFO] Received 365 data points
[INFO] Start fetching 365 data points from binance for MATIC/BUSDand timestamp 1646190000000 (2022-03-02 03:00:00)
[INFO] Received 365 data points
[INFO] Start fetching 365 data points from binance for LRC/BUSDand timestamp 1646190000000 (2022-03-02 03:00:00)
[INFO] Received 365 data points
[INFO] Start fetching 365 data points from binance for ZRX/BUSDand timestamp 1648713600000 (2022-03-31 08:00:00)
[INFO] Received 365 data points
[INFO] Start fetching 365 data points from binance for SNX/BUSDand timestamp 1648238400000 (2022-03-25 20:00:00)
[INFO] Received 365 data points
[INFO] Start fetching 365 data points from binance for CTSI/BUSDand timestamp 1646190000000 (2022-03-02 03:00:00)
[INFO] Received 365 data points
[INFO] Start fetching 365 data points from binance for MATIC/BUSDand timestamp 1647504000000 (2022-03-17 08:00:00)
[INFO] Received 365 data points
[INFO] Start fetching 365 data points from binance for LRC/BUSDand timestamp 1647504000000 (2022-03-17 08:00:00)
[INFO] Received 365 data points
[INFO] Start fetching 365 data points from binance for ZRX/BUSDand timestamp 1650027600000 (2022-04-15 13:00:00)
[INFO] Received 365 data points
[INFO] Start fetching 365 data points from binance for SNX/BUSDand timestamp 1649552400000 (2022-04-10 01:00:00)
[INFO] Received 365 data points
[INFO] Start fetching 365 data points from binance for CTSI/BUSDand timestamp 1647504000000 (2022-03-17 08:00:00)
[INFO] Received 365 data points
[INFO] Start fetching 365 data points from binance for MATIC/BUSDand timestamp 1648818000000 (2022-04-01 13:00:00)
[INFO] Received 365 data points
[INFO] Start fetching 365 data points from binance for LRC/BUSDand timestamp 1648818000000 (2022-04-01 13:00:00)
[INFO] Received 365 data points
[INFO] Start fetching 365 data points from binance for ZRX/BUSDand timestamp 1651341600000 (2022-04-30 18:00:00)
[INFO] Received 365 data points
[INFO] Start fetching 365 data points from binance for SNX/BUSDand timestamp 1650866400000 (2022-04-25 06:00:00)
[INFO] Received 365 data points
[INFO] Start fetching 365 data points from binance for CTSI/BUSDand timestamp 1648818000000 (2022-04-01 13:00:00)
[INFO] Received 365 data points
[INFO] Start fetching 365 data points from binance for MATIC/BUSDand timestamp 1650132000000 (2022-04-16 18:00:00)
[INFO] Received 365 data points
[INFO] Start fetching 365 data points from binance for LRC/BUSDand timestamp 1650132000000 (2022-04-16 18:00:00)
[INFO] Received 365 data points
[INFO] Start fetching 365 data points from binance for ZRX/BUSDand timestamp 1652655600000 (2022-05-15 23:00:00)
[INFO] Received 365 data points
[INFO] Start fetching 365 data points from binance for SNX/BUSDand timestamp 1652180400000 (2022-05-10 11:00:00)
[INFO] Received 365 data points
[INFO] Start fetching 365 data points from binance for CTSI/BUSDand timestamp 1650132000000 (2022-04-16 18:00:00)
[INFO] Received 365 data points
[INFO] Start fetching 365 data points from binance for MATIC/BUSDand timestamp 1651446000000 (2022-05-01 23:00:00)
[INFO] Received 365 data points
[INFO] Start fetching 365 data points from binance for LRC/BUSDand timestamp 1651446000000 (2022-05-01 23:00:00)
[INFO] Received 365 data points
[INFO] Start fetching 365 data points from binance for ZRX/BUSDand timestamp 1653969600000 (2022-05-31 04:00:00)
[INFO] Received 365 data points
[INFO] Start fetching 365 data points from binance for SNX/BUSDand timestamp 1653494400000 (2022-05-25 16:00:00)
[INFO] Received 365 data points
[INFO] Start fetching 365 data points from binance for CTSI/BUSDand timestamp 1651446000000 (2022-05-01 23:00:00)
[INFO] Received 365 data points
[INFO] Start fetching 365 data points from binance for MATIC/BUSDand timestamp 1652760000000 (2022-05-17 04:00:00)
[INFO] Received 365 data points
[INFO] Start fetching 365 data points from binance for LRC/BUSDand timestamp 1652760000000 (2022-05-17 04:00:00)
[INFO] Received 365 data points
[INFO] Start fetching 365 data points from binance for ZRX/BUSDand timestamp 1655283600000 (2022-06-15 09:00:00)
[INFO] Received 365 data points
[INFO] Start fetching 365 data points from binance for SNX/BUSDand timestamp 1654808400000 (2022-06-09 21:00:00)
[INFO] Received 365 data points
[INFO] Start fetching 365 data points from binance for CTSI/BUSDand timestamp 1652760000000 (2022-05-17 04:00:00)
[INFO] Received 365 data points
[INFO] Start fetching 365 data points from binance for MATIC/BUSDand timestamp 1654074000000 (2022-06-01 09:00:00)
[INFO] Received 365 data points
[INFO] Start fetching 365 data points from binance for LRC/BUSDand timestamp 1654074000000 (2022-06-01 09:00:00)
[INFO] Received 365 data points
[INFO] Start fetching 365 data points from binance for ZRX/BUSDand timestamp 1656597600000 (2022-06-30 14:00:00)
[INFO] Received 365 data points
[INFO] Start fetching 365 data points from binance for SNX/BUSDand timestamp 1656122400000 (2022-06-25 02:00:00)
[INFO] Received 365 data points
[INFO] Start fetching 365 data points from binance for CTSI/BUSDand timestamp 1654074000000 (2022-06-01 09:00:00)
[INFO] Received 365 data points
[INFO] Start fetching 365 data points from binance for MATIC/BUSDand timestamp 1655388000000 (2022-06-16 14:00:00)
[INFO] Received 365 data points
[INFO] Start fetching 365 data points from binance for LRC/BUSDand timestamp 1655388000000 (2022-06-16 14:00:00)
[INFO] Received 365 data points
[INFO] Received 365 data points
[INFO] Received 365 data points
[INFO] Start fetching 365 data points from binance for CTSI/BUSDand timestamp 1655388000000 (2022-06-16 14:00:00)
[INFO] Received 365 data points
[INFO] Received 365 data points
[INFO] Received 365 data points
