[INFO] Started to fetch data for CELO/BUSD with a resolution of 1h from exchange binance
[INFO] Started to fetch data for FET/BUSD with a resolution of 1h from exchange binance
[INFO] Start fetching 365 data points from binance for CELO/BUSDand timestamp 1640995200000 (2022-01-01 00:00:00)
[INFO] Start fetching 365 data points from binance for FET/BUSDand timestamp 1640995200000 (2022-01-01 00:00:00)
[INFO] Received 365 data points
[INFO] Start fetching 365 data points from binance for CELO/BUSDand timestamp 1642309200000 (2022-01-16 05:00:00)
[INFO] Received 365 data points
[INFO] Start fetching 365 data points from binance for FET/BUSDand timestamp 1642309200000 (2022-01-16 05:00:00)
[INFO] Received 365 data points
[INFO] Start fetching 365 data points from binance for CELO/BUSDand timestamp 1643623200000 (2022-01-31 10:00:00)
[INFO] Received 365 data points
[INFO] Start fetching 365 data points from binance for FET/BUSDand timestamp 1643623200000 (2022-01-31 10:00:00)
[INFO] Received 365 data points
[INFO] Start fetching 365 data points from binance for CELO/BUSDand timestamp 1644937200000 (2022-02-15 15:00:00)
[INFO] Received 365 data points
[INFO] Start fetching 365 data points from binance for FET/BUSDand timestamp 1644937200000 (2022-02-15 15:00:00)
[INFO] Received 365 data points
[INFO] Start fetching 365 data points from binance for CELO/BUSDand timestamp 1646251200000 (2022-03-02 20:00:00)
[INFO] Received 365 data points
[INFO] Start fetching 365 data points from binance for FET/BUSDand timestamp 1646251200000 (2022-03-02 20:00:00)
[INFO] Received 365 data points
[INFO] Start fetching 365 data points from binance for CELO/BUSDand timestamp 1647565200000 (2022-03-18 01:00:00)
[INFO] Received 365 data points
[INFO] Start fetching 365 data points from binance for FET/BUSDand timestamp 1647565200000 (2022-03-18 01:00:00)
[INFO] Received 365 data points
[INFO] Start fetching 365 data points from binance for CELO/BUSDand timestamp 1648879200000 (2022-04-02 06:00:00)
[INFO] Received 365 data points
[INFO] Start fetching 365 data points from binance for FET/BUSDand timestamp 1648879200000 (2022-04-02 06:00:00)
[INFO] Received 365 data points
[INFO] Start fetching 365 data points from binance for CELO/BUSDand timestamp 1650193200000 (2022-04-17 11:00:00)
[INFO] Received 365 data points
[INFO] Start fetching 365 data points from binance for FET/BUSDand timestamp 1650193200000 (2022-04-17 11:00:00)
[INFO] Received 365 data points
[INFO] Start fetching 365 data points from binance for CELO/BUSDand timestamp 1651507200000 (2022-05-02 16:00:00)
[INFO] Received 365 data points
[INFO] Start fetching 365 data points from binance for FET/BUSDand timestamp 1651507200000 (2022-05-02 16:00:00)
[INFO] Received 365 data points
[INFO] Start fetching 365 data points from binance for CELO/BUSDand timestamp 1652821200000 (2022-05-17 21:00:00)
[INFO] Received 365 data points
[INFO] Start fetching 365 data points from binance for FET/BUSDand timestamp 1652821200000 (2022-05-17 21:00:00)
[INFO] Received 365 data points
[INFO] Start fetching 365 data points from binance for CELO/BUSDand timestamp 1654135200000 (2022-06-02 02:00:00)
[INFO] Received 365 data points
[INFO] Start fetching 365 data points from binance for FET/BUSDand timestamp 1654135200000 (2022-06-02 02:00:00)
[INFO] Received 365 data points
[INFO] Start fetching 365 data points from binance for CELO/BUSDand timestamp 1655449200000 (2022-06-17 07:00:00)
[INFO] Received 365 data points
[INFO] Start fetching 365 data points from binance for FET/BUSDand timestamp 1655449200000 (2022-06-17 07:00:00)
[INFO] Received 365 data points
[INFO] Received 365 data points
