[INFO] Started to fetch data for NEAR/BUSD with a resolution of 1h from exchange binance
[INFO] Started to fetch data for AVAX/BUSD with a resolution of 1h from exchange binance
[INFO] Started to fetch data for FET/BUSD with a resolution of 1h from exchange binance
[INFO] Started to fetch data for CELO/BUSD with a resolution of 1h from exchange binance
[INFO] Started to fetch data for EGLD/BUSD with a resolution of 1h from exchange binance
[INFO] Started to fetch data for DOT/BUSD with a resolution of 1h from exchange binance
[INFO] Start fetching 365 data points from binance for FET/BUSDand timestamp 1625097600000 (2021-07-01 00:00:00)
[INFO] Start fetching 365 data points from binance for AVAX/BUSDand timestamp 1625097600000 (2021-07-01 00:00:00)
[INFO] Start fetching 365 data points from binance for DOT/BUSDand timestamp 1625097600000 (2021-07-01 00:00:00)
[INFO] Start fetching 365 data points from binance for EGLD/BUSDand timestamp 1625097600000 (2021-07-01 00:00:00)
[INFO] Start fetching 365 data points from binance for NEAR/BUSDand timestamp 1625097600000 (2021-07-01 00:00:00)
[INFO] Start fetching 365 data points from binance for CELO/BUSDand timestamp 1625097600000 (2021-07-01 00:00:00)
[INFO] Received 365 data points
[INFO] Start fetching 365 data points from binance for FET/BUSDand timestamp 1633798800000 (2021-10-09 17:00:00)
[INFO] Received 365 data points
[INFO] Start fetching 365 data points from binance for AVAX/BUSDand timestamp 1626411600000 (2021-07-16 05:00:00)
[INFO] Received 365 data points
[INFO] Start fetching 365 data points from binance for DOT/BUSDand timestamp 1626411600000 (2021-07-16 05:00:00)
[INFO] Received 365 data points
[INFO] Start fetching 365 data points from binance for EGLD/BUSDand timestamp 1626411600000 (2021-07-16 05:00:00)
[INFO] Received 365 data points
[INFO] Start fetching 365 data points from binance for NEAR/BUSDand timestamp 1626411600000 (2021-07-16 05:00:00)
[INFO] Received 365 data points
[INFO] Start fetching 365 data points from binance for CELO/BUSDand timestamp 1636815600000 (2021-11-13 15:00:00)
[INFO] Received 365 data points
[INFO] Start fetching 365 data points from binance for FET/BUSDand timestamp 1635112800000 (2021-10-24 22:00:00)
[INFO] Received 365 data points
[INFO] Start fetching 365 data points from binance for AVAX/BUSDand timestamp 1627725600000 (2021-07-31 10:00:00)
[INFO] Received 365 data points
[INFO] Start fetching 365 data points from binance for DOT/BUSDand timestamp 1627725600000 (2021-07-31 10:00:00)
[INFO] Received 365 data points
[INFO] Start fetching 365 data points from binance for EGLD/BUSDand timestamp 1627725600000 (2021-07-31 10:00:00)
[INFO] Received 365 data points
[INFO] Start fetching 365 data points from binance for NEAR/BUSDand timestamp 1627725600000 (2021-07-31 10:00:00)
[INFO] Received 365 data points
[INFO] Start fetching 365 data points from binance for CELO/BUSDand timestamp 1638129600000 (2021-11-28 20:00:00)
[INFO] Received 365 data points
[INFO] Start fetching 365 data points from binance for FET/BUSDand timestamp 1636426800000 (2021-11-09 03:00:00)
[INFO] Received 365 data points
[INFO] Start fetching 365 data points from binance for AVAX/BUSDand timestamp 1629054000000 (2021-08-15 19:00:00)
[INFO] Received 365 data points
[INFO] Start fetching 365 data points from binance for DOT/BUSDand timestamp 1629054000000 (2021-08-15 19:00:00)
[INFO] Received 365 data points
[INFO] Start fetching 365 data points from binance for EGLD/BUSDand timestamp 1629054000000 (2021-08-15 19:00:00)
[INFO] Received 365 data points
[INFO] Start fetching 365 data points from binance for NEAR/BUSDand timestamp 1629054000000 (2021-08-15 19:00:00)
[INFO] Received 365 data points
[INFO] Start fetching 365 data points from binance for CELO/BUSDand timestamp 1639443600000 (2021-12-14 01:00:00)
[INFO] Received 365 data points
[INFO] Start fetching 365 data points from binance for FET/BUSDand timestamp 1637740800000 (2021-11-24 08:00:00)
[INFO] Received 365 data points
[INFO] Start fetching 365 data points from binance for AVAX/BUSDand timestamp 1630368000000 (2021-08-31 00:00:00)
[INFO] Received 365 data points
[INFO] Start fetching 365 data points from binance for DOT/BUSDand timestamp 1630368000000 (2021-08-31 00:00:00)
[INFO] Received 365 data points
[INFO] Start fetching 365 data points from binance for EGLD/BUSDand timestamp 1630368000000 (2021-08-31 00:00:00)
[INFO] Received 365 data points
[INFO] Start fetching 365 data points from binance for NEAR/BUSDand timestamp 1630368000000 (2021-08-31 00:00:00)
[INFO] Received 365 data points
[INFO] Start fetching 365 data points from binance for FET/BUSDand timestamp 1639054800000 (2021-12-09 13:00:00)
[INFO] Received 365 data points
[INFO] Start fetching 365 data points from binance for AVAX/BUSDand timestamp 1631682000000 (2021-09-15 05:00:00)
[INFO] Received 365 data points
[INFO] Start fetching 365 data points from binance for CELO/BUSDand timestamp 1640757600000 (2021-12-29 06:00:00)
[INFO] Received 365 data points
[INFO] Start fetching 365 data points from binance for DOT/BUSDand timestamp 1631682000000 (2021-09-15 05:00:00)
[INFO] Received 365 data points
[INFO] Start fetching 365 data points from binance for EGLD/BUSDand timestamp 1631682000000 (2021-09-15 05:00:00)
[INFO] Received 365 data points
[INFO] Start fetching 365 data points from binance for NEAR/BUSDand timestamp 1631682000000 (2021-09-15 05:00:00)
[INFO] Received 365 data points
[INFO] Start fetching 365 data points from binance for FET/BUSDand timestamp 1640368800000 (2021-12-24 18:00:00)
[INFO] Received 365 data points
[INFO] Start fetching 365 data points from binance for AVAX/BUSDand timestamp 1633003200000 (2021-09-30 12:00:00)
[INFO] Received 365 data points
[INFO] Start fetching 365 data points from binance for CELO/BUSDand timestamp 1642071600000 (2022-01-13 11:00:00)
[INFO] Received 365 data points
[INFO] Start fetching 365 data points from binance for DOT/BUSDand timestamp 1633003200000 (2021-09-30 12:00:00)
[INFO] Received 365 data points
[INFO] Start fetching 365 data points from binance for EGLD/BUSDand timestamp 1633003200000 (2021-09-30 12:00:00)
[INFO] Received 365 data points
[INFO] Start fetching 365 data points from binance for NEAR/BUSDand timestamp 1633003200000 (2021-09-30 12:00:00)
[INFO] Received 365 data points
[INFO] Start fetching 365 data points from binance for FET/BUSDand timestamp 1641682800000 (2022-01-08 23:00:00)
[INFO] Received 365 data points
[INFO] Start fetching 365 data points from binance for AVAX/BUSDand timestamp 1634317200000 (2021-10-15 17:00:00)
[INFO] Received 365 data points
[INFO] Start fetching 365 data points from binance for CELO/BUSDand timestamp 1643385600000 (2022-01-28 16:00:00)
[INFO] Received 365 data points
[INFO] Start fetching 365 data points from binance for DOT/BUSDand timestamp 1634317200000 (2021-10-15 17:00:00)
[INFO] Received 365 data points
[INFO] Start fetching 365 data points from binance for EGLD/BUSDand timestamp 1634317200000 (2021-10-15 17:00:00)
[INFO] Received 365 data points
[INFO] Start fetching 365 data points from binance for NEAR/BUSDand timestamp 1634317200000 (2021-10-15 17:00:00)
[INFO] Received 365 data points
[INFO] Start fetching 365 data points from binance for FET/BUSDand timestamp 1642996800000 (2022-01-24 04:00:00)
[INFO] Received 365 data points
[INFO] Start fetching 365 data points from binance for AVAX/BUSDand timestamp 1635631200000 (2021-10-30 22:00:00)
[INFO] Received 365 data points
[INFO] Start fetching 365 data points from binance for CELO/BUSDand timestamp 1644699600000 (2022-02-12 21:00:00)
[INFO] Received 365 data points
[INFO] Start fetching 365 data points from binance for DOT/BUSDand timestamp 1635631200000 (2021-10-30 22:00:00)
[INFO] Received 365 data points
[INFO] Start fetching 365 data points from binance for EGLD/BUSDand timestamp 1635631200000 (2021-10-30 22:00:00)
[INFO] Received 365 data points
[INFO] Start fetching 365 data points from binance for NEAR/BUSDand timestamp 1635631200000 (2021-10-30 22:00:00)
[INFO] Received 365 data points
[INFO] Start fetching 365 data points from binance for FET/BUSDand timestamp 1644310800000 (2022-02-08 09:00:00)
[INFO] Received 365 data points
[INFO] Start fetching 365 data points from binance for AVAX/BUSDand timestamp 1636945200000 (2021-11-15 03:00:00)
[INFO] Received 365 data points
[INFO] Start fetching 365 data points from binance for CELO/BUSDand timestamp 1646013600000 (2022-02-28 02:00:00)
[INFO] Received 365 data points
[INFO] Start fetching 365 data points from binance for DOT/BUSDand timestamp 1636945200000 (2021-11-15 03:00:00)
[INFO] Received 365 data points
[INFO] Start fetching 365 data points from binance for EGLD/BUSDand timestamp 1636945200000 (2021-11-15 03:00:00)
[INFO] Received 365 data points
[INFO] Start fetching 365 data points from binance for NEAR/BUSDand timestamp 1636945200000 (2021-11-15 03:00:00)
[INFO] Received 365 data points
[INFO] Start fetching 365 data points from binance for FET/BUSDand timestamp 1645624800000 (2022-02-23 14:00:00)
[INFO] Received 365 data points
[INFO] Start fetching 365 data points from binance for AVAX/BUSDand timestamp 1638259200000 (2021-11-30 08:00:00)
[INFO] Received 365 data points
[INFO] Start fetching 365 data points from binance for CELO/BUSDand timestamp 1647327600000 (2022-03-15 07:00:00)
[INFO] Received 365 data points
[INFO] Start fetching 365 data points from binance for DOT/BUSDand timestamp 1638259200000 (2021-11-30 08:00:00)
[INFO] Received 365 data points
[INFO] Start fetching 365 data points from binance for EGLD/BUSDand timestamp 1638259200000 (2021-11-30 08:00:00)
[INFO] Received 365 data points
[INFO] Start fetching 365 data points from binance for NEAR/BUSDand timestamp 1638259200000 (2021-11-30 08:00:00)
[INFO] Received 365 data points
[INFO] Start fetching 365 data points from binance for FET/BUSDand timestamp 1646938800000 (2022-03-10 19:00:00)
[INFO] Received 365 data points
[INFO] Start fetching 365 data points from binance for AVAX/BUSDand timestamp 1639573200000 (2021-12-15 13:00:00)
[INFO] Received 365 data points
[INFO] Start fetching 365 data points from binance for CELO/BUSDand timestamp 1648641600000 (2022-03-30 12:00:00)
[INFO] Received 365 data points
[INFO] Start fetching 365 data points from binance for DOT/BUSDand timestamp 1639573200000 (2021-12-15 13:00:00)
[INFO] Received 365 data points
[INFO] Start fetching 365 data points from binance for EGLD/BUSDand timestamp 1639573200000 (2021-12-15 13:00:00)
[INFO] Received 365 data points
[INFO] Start fetching 365 data points from binance for NEAR/BUSDand timestamp 1639573200000 (2021-12-15 13:00:00)
[INFO] Received 365 data points
[INFO] Start fetching 365 data points from binance for FET/BUSDand timestamp 1648252800000 (2022-03-26 00:00:00)
[INFO] Received 365 data points
[INFO] Start fetching 365 data points from binance for AVAX/BUSDand timestamp 1640887200000 (2021-12-30 18:00:00)
[INFO] Received 365 data points
[INFO] Start fetching 365 data points from binance for CELO/BUSDand timestamp 1649955600000 (2022-04-14 17:00:00)
[INFO] Received 365 data points
[INFO] Start fetching 365 data points from binance for DOT/BUSDand timestamp 1640887200000 (2021-12-30 18:00:00)
[INFO] Received 365 data points
[INFO] Start fetching 365 data points from binance for EGLD/BUSDand timestamp 1640887200000 (2021-12-30 18:00:00)
[INFO] Received 365 data points
[INFO] Start fetching 365 data points from binance for NEAR/BUSDand timestamp 1640887200000 (2021-12-30 18:00:00)
[INFO] Received 365 data points
[INFO] Start fetching 365 data points from binance for FET/BUSDand timestamp 1649566800000 (2022-04-10 05:00:00)
[INFO] Received 365 data points
[INFO] Start fetching 365 data points from binance for AVAX/BUSDand timestamp 1642201200000 (2022-01-14 23:00:00)
[INFO] Received 365 data points
[INFO] Start fetching 365 data points from binance for CELO/BUSDand timestamp 1651269600000 (2022-04-29 22:00:00)
[INFO] Received 365 data points
[INFO] Start fetching 365 data points from binance for DOT/BUSDand timestamp 1642201200000 (2022-01-14 23:00:00)
[INFO] Received 365 data points
[INFO] Start fetching 365 data points from binance for EGLD/BUSDand timestamp 1642201200000 (2022-01-14 23:00:00)
[INFO] Received 365 data points
[INFO] Start fetching 365 data points from binance for NEAR/BUSDand timestamp 1642201200000 (2022-01-14 23:00:00)
[INFO] Received 365 data points
[INFO] Start fetching 365 data points from binance for FET/BUSDand timestamp 1650880800000 (2022-04-25 10:00:00)
[INFO] Received 365 data points
[INFO] Start fetching 365 data points from binance for AVAX/BUSDand timestamp 1643515200000 (2022-01-30 04:00:00)
[INFO] Received 365 data points
[INFO] Start fetching 365 data points from binance for CELO/BUSDand timestamp 1652583600000 (2022-05-15 03:00:00)
[INFO] Received 365 data points
[INFO] Start fetching 365 data points from binance for DOT/BUSDand timestamp 1643515200000 (2022-01-30 04:00:00)
[INFO] Received 365 data points
[INFO] Start fetching 365 data points from binance for EGLD/BUSDand timestamp 1643515200000 (2022-01-30 04:00:00)
[INFO] Received 365 data points
[INFO] Start fetching 365 data points from binance for NEAR/BUSDand timestamp 1643515200000 (2022-01-30 04:00:00)
[INFO] Received 365 data points
[INFO] Start fetching 365 data points from binance for FET/BUSDand timestamp 1652194800000 (2022-05-10 15:00:00)
[INFO] Received 365 data points
[INFO] Start fetching 365 data points from binance for AVAX/BUSDand timestamp 1644829200000 (2022-02-14 09:00:00)
[INFO] Received 365 data points
[INFO] Start fetching 365 data points from binance for CELO/BUSDand timestamp 1653897600000 (2022-05-30 08:00:00)
[INFO] Received 365 data points
[INFO] Start fetching 365 data points from binance for DOT/BUSDand timestamp 1644829200000 (2022-02-14 09:00:00)
[INFO] Received 365 data points
[INFO] Start fetching 365 data points from binance for EGLD/BUSDand timestamp 1644829200000 (2022-02-14 09:00:00)
[INFO] Received 365 data points
[INFO] Start fetching 365 data points from binance for NEAR/BUSDand timestamp 1644829200000 (2022-02-14 09:00:00)
[INFO] Received 365 data points
[INFO] Start fetching 365 data points from binance for FET/BUSDand timestamp 1653508800000 (2022-05-25 20:00:00)
[INFO] Received 365 data points
[INFO] Start fetching 365 data points from binance for AVAX/BUSDand timestamp 1646143200000 (2022-03-01 14:00:00)
[INFO] Received 365 data points
[INFO] Start fetching 365 data points from binance for CELO/BUSDand timestamp 1655211600000 (2022-06-14 13:00:00)
[INFO] Received 365 data points
[INFO] Start fetching 365 data points from binance for DOT/BUSDand timestamp 1646143200000 (2022-03-01 14:00:00)
[INFO] Received 365 data points
[INFO] Start fetching 365 data points from binance for NEAR/BUSDand timestamp 1646143200000 (2022-03-01 14:00:00)
[INFO] Received 365 data points
[INFO] Start fetching 365 data points from binance for FET/BUSDand timestamp 1654822800000 (2022-06-10 01:00:00)
[INFO] Received 365 data points
[INFO] Start fetching 365 data points from binance for EGLD/BUSDand timestamp 1646143200000 (2022-03-01 14:00:00)
[INFO] Received 365 data points
[INFO] Start fetching 365 data points from binance for AVAX/BUSDand timestamp 1647457200000 (2022-03-16 19:00:00)
[INFO] Received 365 data points
[INFO] Start fetching 365 data points from binance for CELO/BUSDand timestamp 1656525600000 (2022-06-29 18:00:00)
[INFO] Received 365 data points
[INFO] Start fetching 365 data points from binance for DOT/BUSDand timestamp 1647457200000 (2022-03-16 19:00:00)
[INFO] Received 365 data points
[INFO] Start fetching 365 data points from binance for NEAR/BUSDand timestamp 1647457200000 (2022-03-16 19:00:00)
[INFO] Received 365 data points
[INFO] Start fetching 365 data points from binance for FET/BUSDand timestamp 1656136800000 (2022-06-25 06:00:00)
[INFO] Received 365 data points
[INFO] Start fetching 365 data points from binance for EGLD/BUSDand timestamp 1647457200000 (2022-03-16 19:00:00)
[INFO] Received 365 data points
[INFO] Start fetching 365 data points from binance for AVAX/BUSDand timestamp 1648771200000 (2022-04-01 00:00:00)
[INFO] Received 365 data points
[INFO] Received 365 data points
[INFO] Start fetching 365 data points from binance for DOT/BUSDand timestamp 1648771200000 (2022-04-01 00:00:00)
[INFO] Received 365 data points
[INFO] Start fetching 365 data points from binance for NEAR/BUSDand timestamp 1648771200000 (2022-04-01 00:00:00)
[INFO] Received 365 data points
[INFO] Received 365 data points
[INFO] Start fetching 365 data points from binance for EGLD/BUSDand timestamp 1648771200000 (2022-04-01 00:00:00)
[INFO] Received 365 data points
[INFO] Start fetching 365 data points from binance for AVAX/BUSDand timestamp 1650085200000 (2022-04-16 05:00:00)
[INFO] Received 365 data points
[INFO] Start fetching 365 data points from binance for DOT/BUSDand timestamp 1650085200000 (2022-04-16 05:00:00)
[INFO] Received 365 data points
[INFO] Start fetching 365 data points from binance for NEAR/BUSDand timestamp 1650085200000 (2022-04-16 05:00:00)
[INFO] Received 365 data points
[INFO] Start fetching 365 data points from binance for EGLD/BUSDand timestamp 1650085200000 (2022-04-16 05:00:00)
[INFO] Received 365 data points
[INFO] Start fetching 365 data points from binance for AVAX/BUSDand timestamp 1651399200000 (2022-05-01 10:00:00)
[INFO] Received 365 data points
[INFO] Start fetching 365 data points from binance for DOT/BUSDand timestamp 1651399200000 (2022-05-01 10:00:00)
[INFO] Received 365 data points
[INFO] Start fetching 365 data points from binance for NEAR/BUSDand timestamp 1651399200000 (2022-05-01 10:00:00)
[INFO] Received 365 data points
[INFO] Start fetching 365 data points from binance for EGLD/BUSDand timestamp 1651399200000 (2022-05-01 10:00:00)
[INFO] Received 365 data points
[INFO] Start fetching 365 data points from binance for AVAX/BUSDand timestamp 1652713200000 (2022-05-16 15:00:00)
[INFO] Received 365 data points
[INFO] Start fetching 365 data points from binance for NEAR/BUSDand timestamp 1652713200000 (2022-05-16 15:00:00)
[INFO] Received 365 data points
[INFO] Start fetching 365 data points from binance for EGLD/BUSDand timestamp 1652713200000 (2022-05-16 15:00:00)
[INFO] Received 365 data points
[INFO] Start fetching 365 data points from binance for DOT/BUSDand timestamp 1652713200000 (2022-05-16 15:00:00)
[INFO] Received 365 data points
[INFO] Start fetching 365 data points from binance for AVAX/BUSDand timestamp 1654027200000 (2022-05-31 20:00:00)
[INFO] Received 365 data points
[INFO] Start fetching 365 data points from binance for NEAR/BUSDand timestamp 1654027200000 (2022-05-31 20:00:00)
[INFO] Received 365 data points
[INFO] Start fetching 365 data points from binance for EGLD/BUSDand timestamp 1654027200000 (2022-05-31 20:00:00)
[INFO] Received 365 data points
[INFO] Start fetching 365 data points from binance for DOT/BUSDand timestamp 1654027200000 (2022-05-31 20:00:00)
[INFO] Received 365 data points
[INFO] Start fetching 365 data points from binance for AVAX/BUSDand timestamp 1655341200000 (2022-06-16 01:00:00)
[INFO] Received 365 data points
[INFO] Start fetching 365 data points from binance for NEAR/BUSDand timestamp 1655341200000 (2022-06-16 01:00:00)
[INFO] Received 365 data points
[INFO] Start fetching 365 data points from binance for EGLD/BUSDand timestamp 1655341200000 (2022-06-16 01:00:00)
[INFO] Received 365 data points
[INFO] Start fetching 365 data points from binance for DOT/BUSDand timestamp 1655341200000 (2022-06-16 01:00:00)
[INFO] Received 365 data points
[INFO] Received 365 data points
[INFO] Received 365 data points
[INFO] Received 365 data points
